1039
247
129
215
1200
157
451
80
513
153
98
250
256
797
226
429
89
593
292
504
508
87
628
65
482
442
1107
102
312
668
345
217
61
317
1311
130
308
403
987
154
238
840
157
212
234
224
72
461
152
686
196
449
981
412
670
952
741
752
57
968
471
451
381
89
430
236
234
163
130
729
75
521
765
408
606
300
171
293
335
521
674
207
633
75
303
872
781
865
28
302
227
444
398
646
626
377
245
479
857
404
182
51
706
98
189
481
857
1139
14
557
822
686
305
812
482
203
783
1168
202
60
155
312
139
458
584
74
446
597
90
729
38
107
485
377
1035
255
69
113
201
208
1212
193
807
627
182
573
471
115
223
85
874
672
360
622
650
789
1284
344
751
99
238
478
946
642
707
48
392
12
750
618
648
667
1038
307
690
786
210
1001
83
728
164
374
846
359
398
224
930
819
44
800
293
1268
713
195
259
118
826
463
311
465
995
323
348
11
231
37
735
325
138
232
240
447
713
652
1029
360
468
997
266
375
369
479
60
133
3
53
25
1414
395
860
368
265
1129
412
564
380
140
478
702
86
490
311
282
98
429
758
140
1053
290
135
81
284
391
922
335
576
1388
356
286
76
867
200
1187
283
597
1012
265
1252
754
554
411
485
30
1260
336
120
311
914
411
1418
332
346
257
615
778
279
505
305
144
180
129
1081
578
660
150
714
353
493
231
288
47
152
139
155
47
473
1154
268
493
532
248
310
227
514
1409
120
81
317
356
597
95
183
1047
1114
573
112
203
593
109
447
844
60
255
184
912
63
530
34
1057
305
410
524
528
150
125
311
802
285
567
314
435
265
769
649
217
1282
503
196
561
645
656
589
972
100
143
205
587
403
380
740
1126
86
683
717
378
80
199
786
338
700
838
542
186
324
416
542
87
1227
145
375
372
554
909
270
78
497
166
221
542
139
110
843
259
847
173
652
359
649
475
198
272
121
759
215
680
857
207
603
511
1595
618
240
669
998
1235
351
395
189
660
256
378
1032
732
543
787
380
1278
1088
108
232
450
194
281
354
505
344
405
369
906
386
500
226
330
129
685
29
288
1393
1008
1315
241
1250
521
172
115
1577
210
623
212
1013
1094
366
45
485
266
275
403
195
581
477
1352
739
430
1043
307
79
400
287
309
1519
452
475
93
232
270
463
627
607
1355
981
179
776
228
64
1084
227
541
1511
512
522
112
56
796
191
508
207
549
461
113
102
132
768
556
37
510
262
1707
1186
187
171
338
118
241
713
1209
870
496
632
77
184
283
882
650
519
281
770
501
87
930
968
284
797
154
842
382
483
59
982
244
838
146
1205
74
221
419
639
167
224
577
798
136
215
869
110
10
961
412
855
984
539
201
1546
508
511
410
181
355
1082
406
706
479
733
771
479
647
499
755
258
1257
1070
37
1291
1054
330
1852
171
436
726
1367
286
638
915
525
1060
129
483
1945
238
510
767
1490
1802
228
839
153
967
101
1405
1221
292
562
89
227
1205
660
1393
1095
175
152
95
710
986
314
114
1116
56
454
1093
93
246
1168
929
2034
318
444
12
141
910
291
905
251
435
1982
533
800
763
1022
203
368
562
344
301
721
738
190
336
1782
1265
458
512
254
550
110
789
320
143
981
614
633
746
600
100
108
129
480
85
221
467
587
623
168
502
399
1140
549
366
1672
234
274
1677
819
887
116
505
760
304
335
245
392
761
423
1038
264
41
455
541
215
661
328
47
337
886
508
208
1415
269
866
714
1565
852
515
957
260
285
511
337
327
236
891
1281
360
940
541
481
52
640
671
43
187
353
630
1555
27
1712
707
1158
122
432
617
344
318
1058
479
395
905
917
278
111
367
1305
659
93
964
132
324
244
690
68
1394
796
332
590
816
227
749
881
1875
931
1093
1030
1505
708
564
862
1285
554
537
967
343
797
661
788
1171
396
896
685
174
1605
134
567
828
1125
470
15
285
1353
580
715
178
449
1266
21
354
589
1544
785
869
1473
1301
103
69
1283
717
136
1400
576
560
88
1971
1010
532
697
1096
336
78
1137
589
784
705
937
102
1187
412
217
354
495
81
97
1243
767
118
77
1583
102
222
584
574
98
965
311
1059
720
270
224
506
298
596
1076
888
868
173
348
421
272
1526
690
58
2054
574
553
1841
1270
1318
208
26
623
336
509
418
151
550
1106
177
130
1455
15
745
989
1466
924
727
443
602
327
296
1534
1448
337
670
569
717
113
1191
1080
107
97
77
978
175
2008
662
851
1511
230
223
141
1504
1048
1220
334
1166
338
602
1412
823
187
135
227
373
543
149
717
687
90
1005
138
605
16
504
70
61
992
338
419
87
590
550
888
320
826
620
476
782
1497
533
357
277
538
500
110
529
765
835
152
228
593
155
73
109
276
195
1424
223
267
1312
924
397
1004
542
873
523
1671
217
91
1024
90
717
17
725
881
2250
261
1012
1530
998
289
144
1563
603
347
684
725
536
522
640
330
1078
1399
178
951
575
868
496
1146
95
843
102
280
991
246
204
74
1417
246
93
363
285
69
124
660
269
1057
947
940
563
742
308
683
922
120
282
974
1227
308
1210
981
797
482
174
1128
256
766
711
660
284
614
2135
826
702
690
1429
106
294
1038
446
927
1361
970
344
392
721
450
497
841
147
802
107
529
730
710
422
1712
803
90
1285
893
1558
954
513
485
110
458
68
63
1309
1237
1568
893
403
343
255
1154
1199
335
626
1202
1546
804
294
884
1215
166
1309
162
1264
498
21
564
1860
923
1163
234
1784
370
80
119
765
1433
458
853
1664
449
751
876
34
1260
385
493
740
1091
217
777
111
637
935
326
1764
626
878
1195
96
866
983
693
610
192
441
1129
1916
157
677
366
1056
976
487
50
776
206
907
1850
912
456
358
1020
1168
399
603
297
2495
566
1081
462
618
581
521
365
987
375
620
282
243
1296
1025
297
1594
109
95
444
1096
668
388
752
417
192
960
401
1157
1533
232
332
740
87
934
1254
712
1208
358
511
187
948
617
99
137
367
676
202
1803
826
1030
2255
367
2420
12
1631
1636
1473
60
915
994
1539
890
1003
984
1293
880
432
529
961
202
764
657
723
445
299
1445
534
1042
1628
107
921
624
525
973
79
1212
870
1139
599
725
82
225
833
313
1036
682
380
990
757
310
429
1112
92
442
560
170
370
323
1172
2263
732
210
322
862
576
1666
1205
851
421
442
766
295
785
459
485
1592
601
439
96
533
317
691
111
1044
541
2486
239
2144
1576
270
1773
879
582
1509
144
59
847
1443
142
1509
717
562
196
1334
1383
454
1207
335
50
465
709
405
1360
1430
2201
223
716
1354
544
2622
756
198
472
992
279
407
155
396
31
1612
90
19
160
927
1463
226
2426
283
761
151
290
379
383
265
2041
373
1187
1414
1015
767
869
305
985
1640
1292
1106
189
401
242
276
27
811
778
1592
638
1119
1176
296
731
1866
232
799
675
187
318
644
258
367
620
417
653
222
1382
826
827
1618
289
788
1279
942
1125
2245
607
610
1271
220
73
542
788
765
2579
1044
1335
1089
374
166
1301
1771
940
531
953
1992
277
656
1552
1546
706
573
649
201
608
1736
185
305
243
574
1216
577
213
1590
321
283
1099
252
1555
50
567
332
958
126
954
222
341
1776
103
778
803
576
1406
204
182
1252
379
323
935
274
1652
1116
1007
641
483
1564
357
195
1543
482
699
1913
123
634
540
82
504
237
160
984
433
1196
761
545
454
69
2263
1083
240
1661
287
550
269
317
1379
813
706
86
729
1074
1075
1374
604
1750
423
1677
1510
29
102
1724
878
1681
1457
438
571
925
1020
763
1009
2714
361
449
204
901
322
363
53
695
422
75
1412
509
299
177
98
1257
882
348
132
579
683
273
646
672
675
1385
1799
1081
90
158
1372
964
587
2150
524
156
532
1038
1562
514
1658
102
281
763
855
364
1084
225
736
237
345
371
1071
198
1612
614
2056
1237
98
1821
434
280
1005
1495
320
267
1224
330
377
1285
1880
741
1007
933
968
882
718
695
887
193
512
752
1574
134
1742
381
781
1569
1087
727
154
1920
49
1012
384
2077
27
2121
218
314
333
2462
191
676
372
1284
672
690
173
1855
583
382
647
314
1346
244
1355
174
683
1402
391
1823
520
466
82
710
239
427
2317
1505
1309
1260
847
1017
1677
2332
1896
1965
412
1408
1689
86
912
435
1020
1087
1648
1052
348
2180
445
261
699
1226
99
1881
983
1367
608
1286
144
1297
16
239
144
311
399
280
642
464
2310
1233
447
540
702
790
1032
721
2033
453
563
1460
30
1570
640
797
2606
1663
813
870
2232
2030
1550
732
719
224
115
553
379
562
372
1197
51
571
121
453
190
984
1298
171
1386
1405
594
46
594
2022
119
1082
1026
97
543
1360
894
1069
1594
1341
227
719
611
213
904
650
379
178
1655
601
1613
538
1319
2159
902
65
100
374
344
758
883
80
1687
247
1545
1166
1186
3113
610
1032
387
404
1338
749
691
409
1091
760
1627
2120
721
464
612
618
508
1115
968
828
46
214
2078
242
1549
532
160
222
1097
2634
378
422
47
158
490
1380
1194
1186
1167
2275
1780
1520
243
1768
1092
928
172
339
1146
2306
220
1114
1054
1621
797
2045
1719
1257
745
475
210
788
660
543
704
155
523
424
497
616
1263
410
958
1552
237
175
2767
1600
73
1567
1850
410
188
1048
502
1694
709
518
1080
1103
1122
99
426
1168
342
1394
1232
1711
1764
1236
440
765
466
903
1145
1330
999
983
3049
719
2575
173
471
969
1005
302
360
1599
403
357
341
2371
386
1044
376
1684
704
322
1111
1187
151
683
75
1307
241
1474
2301
929
462
208
699
214
87
874
101
242
950
1388
782
404
892
364
781
420
679
1424
2117
431
1321
336
699
1409
323
2398
868
519
1132
1595
1055
394
2110
762
35
497
1851
342
660
906
631
251
915
886
929
358
235
653
967
378
809
1598
3052
433
2501
673
1949
738
1657
370
603
908
1944
432
377
815
986
727
253
50
1042
1105
1289
1789
2279
1512
1090
473
400
2348
2989
1573
475
1518
627
1369
518
1772
1088
2768
710
964
488
211
232
1478
1627
613
869
661
1749
885
1208
789
1468
1740
1477
919
738
1669
538
2715
1302
1085
669
176
767
2281
259
1307
1085
1564
538
2021
116
1700
798
1280
1693
1699
996
1032
253
662
1276
331
464
2372
676
631
1737
925
399
770
1049
357
222
438
45
2882
1093
60
1030
341
158
1312
979
381
469
809
352
739
1392
534
867
1813
1076
1299
1811
466
2132
685
1411
1289
865
775
362
336
735
694
1110
613
923
166
1871
310
1229
1127
121
628
81
595
3217
233
701
199
1008
1550
311
1122
1023
684
1059
883
1090
1624
692
501
296
42
2059
177
418
1598
1821
2164
1068
1441
822
384
956
836
450
1084
1419
1041
2422
637
198
1924
383
2762
228
1527
1288
1823
1897
1244
464
1934
225
2452
1797
759
1009
40
524
1587
588
637
534
370
779
149
1624
1480
1125
575
1077
770
517
598
172
235
823
492
2473
1411
202
596
1479
73
166
1113
1132
174
863
401
319
129
177
133
1169
265
1487
754
1559
797
772
562
320
602
724
388
1285
1151
2802
2001
904
1772
316
858
869
803
2058
431
859
133
841
454
237
926
111
181
13
206
1172
628
850
1559
555
625
200
2086
45
364
410
204
1174
1116
622
612
219
1548
1639
116
647
650
1018
897
1311
517
818
996
393
592
1508
254
1078
295
1070
2386
2231
947
3213
337
1394
1772
1155
2402
566
106
1687
1772
185
2101
1935
50
2799
170
857
312
517
106
1481
970
288
41
1472
330
927
1201
1726
459
203
2771
718
763
1486
227
692
91
541
172
1565
382
458
545
57
2102
711
1689
711
295
1210
354
1392
87
754
137
507
1309
592
509
2359
240
181
87
2683
1602
1497
67
572
1318
1209
463
574
1265
847
442
460
212
1029
2319
1125
945
678
51
2120
1678
1457
2665
225
1265
1250
948
1222
519
599
296
649
32
976
267
660
488
1651
603
1707
337
159
1039
734
647
348
681
2024
641
1299
2331
1199
99
525
848
1681
1099
318
467
130
1455
126
177
1039
242
2417
1713
2244
821
2612
436
48
680
1582
1253
595
266
1092
68
1610
1660
203
1399
535
1737
209
1084
2253
296
54
925
1160
1366
566
396
633
431
628
269
1364
974
202
481
619
1462
309
24
777
2097
1811
463
1449
811
905
649
637
1226
257
2952
1535
1617
1621
502
1336
193
598
1687
384
542
516
2375
2906
942
1606
770
487
534
211
1738
1761
2097
588
733
84
1230
1279
1813
123
159
948
1206
1610
285
964
228
1472
357
2141
1293
61
3765
1186
1634
2036
48
1669
95
2158
222
749
25
1327
1031
1162
1565
862
1214
1777
2054
390
1280
641
2968
576
272
219
1365
1799
515
2108
35
934
554
1195
2187
72
2697
926
820
938
784
793
384
15
445
428
222
2931
1355
274
673
1815
1720
540
677
1382
116
1090
660
1073
1794
177
187
1077
310
662
2126
1058
817
2738
754
2058
1382
523
1560
1650
463
599
241
1255
1216
413
2848
2046
1100
1100
1558
1837
890
2495
1023
1020
699
810
2189
1272
341
1481
1514
1062
354
1882
1677
2342
2523
309
1821
1560
1120
1714
981
108
1786
1834
848
1790
983
1429
2295
171
1346
2925
857
1362
1593
1867
977
3211
1529
2021
917
1676
1511
2849
325
2001
1172
2809
742
940
1490
552
1364
118
1315
2201
2131
1288
652
1191
913
2605
2419
2372
1726
673
2765
746
1463
368
2188
660
1069
76
307
1553
1398
1842
821
279
1641
940
152
833
1584
1092
288
1301
191
1356
687
747
154
812
2609
3172
1986
165
1447
544
1104
1869
1516
1504
1068
2077
156
1849
254
505
1385
402
492
1715
1399
1279
1128
2404
2095
284
2060
292
1067
657
478
2029
1369
1496
1013
1755
1105
1385
1949
1621
102
1247
532
2233
1005
2246
429
2141
188
1313
875
229
786
89
2286
2269
253
1337
581
1306
82
1249
306
673
894
1888
848
717
456
1810
574
2810
1618
1202
392
676
2775
2674
1295
859
1020
673
2411
2615
281
294
754
629
970
2114
3004
883
278
933
2235
1494
169
347
2290
455
1233
1981
147
561
2289
1415
787
3439
350
1751
1594
585
4094
1553
141
708
457
880
139
907
1614
2926
666
340
174
2864
1218
3846
556
2952
1250
1210
1974
605
1274
1939
438
429
2592
359
1881
233
1425
515
2515
2183
1061
805
334
888
1501
555
352
1664
256
883
933
809
2480
2222
905
1263
1249
587
1398
1333
862
1037
1491
2438
629
573
1067
2200
570
1019
461
662
1356
2534
1692
1129
2976
2592
299
1553
1646
629
2238
766
1251
579
1044
1433
435
226
2550
2031
1296
102
301
1147
858
850
783
871
1384
1525
2818
1124
2865
1779
505
450
553
1587
1263
3768
393
129
1301
1466
918
1284
1704
332
1166
1699
595
332
3660
402
827
1953
146
3258
756
846
781
2610
822
223
3087
309
99
1027
735
1004
962
1142
1795
954
838
1501
346
1559
3108
1144
288
1087
908
2343
1835
313
88
820
512
1721
2542
1400
2021
1220
773
237
1226
2626
343
1818
1346
1573
1701
1136
1636
615
519
802
740
457
45
1077
2060
636
101
1436
1246
1350
2638
392
1588
2814
327
1620
774
531
1501
2547
902
706
170
1325
1267
2377
2323
1244
1871
678
1005
1050
1547
1411
1489
524
667
2072
1314
1632
633
1196
1318
536
1517
39
1608
1740
437
468
987
1695
62
1528
294
257
1735
705
1462
543
492
746
1712
147
1365
185
1439
1004
851
1331
1410
894
1672
711
1810
2074
1389
1264
399
1338
211
2397
331
781
2198
635
211
510
107
278
1203
178
1010
1322
123
1001
93
813
1365
969
1401
2114
2220
885
2171
2127
191
559
696
594
118
855
259
2904
1188
160
1506
1476
948
1135
737
665
3153
877
1926
1719
1139
336
1103
262
250
576
1939
648
854
2296
1383
1429
1894
641
2048
979
1245
1496
2893
2420
251
261
1833
402
483
306
943
794
2640
924
1862
1264
494
1533
505
771
2799
868
559
838
4410
200
778
1294
1974
1647
420
3034
374
1459
832
1663
1872
131
24
80
131
34
85
33
130
295
309
53
104
184
135
264
151
148
176
143
32
143
93
89
251
96
165
174
60
195
97
142
438
294
295
220
206
293
135
148
249
34
242
280
57
186
288
317
215
127
81
275
319
163
335
77
56
26
66
262
193
251
170
137
44
89
105
80
94
160
264
80
129
51
203
115
317
47
75
137
173
68
160
95
170
142
45
336
128
41
101
61
193
87
286
257
181
430
125
16
256
185
174
74
161
29
169
321
138
241
32
17
92
56
14
231
96
43
112
144
151
106
346
58
288
130
44
53
385
21
399
121
142
25
70
158
267
70
246
74
6
270
274
464
10
541
28
79
307
29
38
177
296
174
31
365
152
176
166
132
28
168
115
275
42
146
49
367
300
89
22
147
187
81
41
282
175
110
145
175
400
199
342
160
169
244
187
35
188
105
251
354
269
14
187
364
47
76
216
80
323
360
194
249
404
10
216
615
91
175
181
78
199
318
87
336
148
553
102
46
218
173
154
163
79
232
103
71
100
82
287
391
144
101
422
227
173
410
135
66
138
123
129
567
388
314
212
213
53
170
209
219
322
24
194
565
36
581
270
167
133
55
221
136
16
104
112
150
191
265
553
58
201
18
500
84
264
120
233
21
661
354
603
41
127
444
189
17
320
57
183
224
94
192
284
284
136
141
97
235
299
625
168
21
153
341
305
85
211
55
388
151
42
177
186
144
101
134
77
49
92
375
597
25
495
501
208
133
430
37
89
412
297
113
188
467
53
250
111
8
570
173
56
185
112
576
67
60
375
193
262
218
409
184
84
200
259
259
148
223
503
395
170
498
267
403
120
270
487
102
63
174
108
12
402
129
68
40
93
63
187
155
297
481
89
338
179
125
344
170
214
484
107
493
81
107
488
125
481
188
230
336
183
333
177
190
184
186
206
190
435
87
129
218
344
469
141
47
266
154
206
189
244
261
441
43
272
47
434
736
134
140
504
145
230
399
185
18
15
464
497
298
115
431
461
79
238
313
192
435
76
359
147
286
571
439
141
202
37
240
90
46
29
144
376
151
281
53
89
306
206
349
44
489
241
260
170
575
306
237
330
332
76
346
293
134
99
487
196
749
201
190
142
407
258
317
181
353
265
202
90
108
500
427
326
299
221
395
249
211
532
215
468
526
230
216
965
56
359
239
147
212
171
235
242
60
154
463
378
67
384
290
840
41
42
154
787
177
35
304
592
210
273
164
363
125
66
182
165
294
683
100
172
296
318
238
298
183
419
62
425
456
56
147
261
241
200
393
582
744
113
851
292
306
302
368
72
15
56
60
418
90
479
149
62
82
127
517
51
378
371
363
253
449
338
763
213
663
643
255
733
183
422
73
334
616
298
154
72
254
16
274
14
76
352
232
675
112
108
287
87
551
228
192
649
113
505
566
482
183
93
484
281
315
52
96
613
592
462
353
996
492
66
219
595
647
355
19
538
140
354
22
720
121
27
451
541
363
29
72
114
80
170
668
160
17
345
120
397
92
127
442
329
202
466
337
17
801
437
182
43
88
133
508
147
65
54
125
174
213
47
541
700
527
158
180
376
306
349
624
938
323
258
1033
93
416
73
525
204
15
30
49
448
301
104
453
156
144
298
499
203
284
555
657
615
349
36
174
259
353
402
453
302
548
408
248
110
287
291
550
123
531
553
336
529
26
746
108
164
767
645
525
308
222
273
20
294
423
206
425
87
342
183
156
411
171
313
594
214
93
404
24
166
108
56
75
306
84
543
914
64
360
184
154
100
178
524
172
179
362
93
821
195
576
103
332
296
729
821
412
105
13
512
384
29
257
970
285
421
627
261
501
173
275
996
798
584
586
763
693
196
336
284
1041
287
892
306
51
233
440
527
572
34
880
228
319
341
272
686
399
135
175
857
638
1195
1344
163
315
459
421
1210
198
1238
26
929
388
638
1037
334
442
518
660
67
236
638
671
756
634
673
375
191
468
250
229
316
960
325
838
634
267
63
48
236
487
455
447
837
1522
773
983
168
241
465
1682
145
587
453
645
273
1069
1313
516
1915
1096
140
1100
607
692
449
230
211
156
102
203
905
383
700
1539
987
220
466
1153
599
426
574
225
711
1057
938
59
531
415
883
356
884
488
745
281
69
65
197
561
89
745
82
177
56
1380
35
434
920
1382
1272
26
614
871
904
1342
954
1285
1102
1737
63
590
698
1141
376
715
1450
26
1247
137
887
590
213
314
83
101
189
129
568
402
258
262
658
939
480
145
528
207
103
960
524
345
755
241
633
490
751
691
413
113
789
132
288
196
463
629
508
507
963
852
1727
193
1194
89
585
539
417
763
284
283
443
473
324
1120
371
941
1038
238
667
673
1559
108
494
138
788
587
1020
24
128
109
136
35
972
657
353
1138
616
659
155
358
291
260
138
617
636
530
53
455
1050
42
231
164
606
1233
950
400
1023
932
486
1057
328
1202
1018
1295
248
123
2270
1006
670
1256
185
685
756
578
1004
751
627
448
347
400
641
299
1585
931
931
457
701
1008
712
352
327
287
49
251
146
159
226
61
61
971
600
643
1097
344
679
946
452
494
1635
213
630
11
151
92
485
516
367
457
401
330
1209
764
945
367
843
136
37
536
1979
572
288
476
648
246
844
354
827
273
422
682
334
444
788
8
384
1169
910
743
1101
388
1321
143
352
1173
140
309
948
1416
1125
526
693
479
993
519
114
1274
1385
965
541
225
600
329
342
478
277
600
219
205
995
954
363
328
594
1234
1265
731
46
118
431
507
123
1525
55
290
544
305
664
371
1159
305
398
1134
1035
1105
191
1249
265
155
284
950
1434
1251
590
1670
605
912
262
56
263
540
133
18
218
746
491
246
736
1311
1772
1471
287
884
320
1137
827
1893
604
934
1011
702
217
1173
41
448
668
214
387
478
113
811
926
1445
769
448
853
261
249
577
618
546
223
73
180
1873
403
1291
634
244
88
445
537
51
24
1522
410
610
1131
544
1055
264
526
986
665
1124
373
1877
433
103
1178
1576
631
986
350
1407
927
232
354
725
204
144
1032
858
344
170
1579
727
489
426
165
401
378
609
1505
375
457
490
84
1199
2000
404
630
190
831
132
1282
716
2126
552
271
249
1996
590
1740
991
494
390
424
48
218
1453
187
1377
630
1327
566
116
1114
884
169
409
292
444
710
337
154
396
406
1062
1030
1653
358
1648
1083
918
1089
333
651
806
307
639
442
432
546
283
1044
734
1679
1435
70
439
324
1091
1869
375
896
871
456
518
587
2255
111
1718
807
751
984
702
752
736
188
251
1015
711
1238
529
153
207
327
283
1178
1434
671
826
273
319
1415
96
1009
1150
123
438
1238
609
845
1129
803
706
1028
425
312
130
337
774
1189
454
1325
992
1104
345
583
723
1568
1114
1249
509
956
1076
565
1395
158
166
174
153
922
762
1035
836
347
1006
262
393
769
1216
1713
198
1266
1263
570
1267
1065
1283
2090
1088
285
622
503
558
527
913
946
1932
328
38
915
2205
317
209
541
920
1329
1615
449
833
1551
46
78
1276
70
961
1706
676
1940
1016
867
1538
730
947
987
1205
216
1564
200
1106
1429
423
601
124
1100
1833
884
593
136
127
596
1832
1093
507
1293
791
304
242
1094
389
828
344
390
833
181
810
1686
1540
181
858
1011
1090
884
195
467
868
331
395
364
83
2327
232
706
583
1859
416
1081
616
287
1319
853
300
860
1419
2296
59
499
446
448
342
2398
641
62
894
109
761
430
26
152
1395
719
391
539
173
108
1405
955
480
384
168
698
1725
53
77
280
691
359
1003
160
1500
569
45
933
1773
1334
803
519
890
284
192
431
551
896
1815
946
63
203
593
1395
826
2518
348
238
147
161
640
498
1484
1327
169
2291
144
1563
967
1281
235
1730
501
615
662
141
1329
46
283
287
267
154
1012
1815
1088
418
1753
186
1705
165
58
1370
274
28
1746
1811
2067
325
454
365
195
1489
358
659
1858
706
1217
998
755
1513
771
672
756
365
1535
1973
366
635
790
1064
119
1168
594
2222
422
2385
1600
1060
384
586
546
815
215
2494
1190
471
502
836
1975
1528
541
2504
927
862
333
2682
1435
967
1532
734
580
412
151
1123
434
627
309
1078
178
1384
1144
1735
494
1860
745
585
535
279
516
270
1310
929
101
912
658
1599
152
780
621
118
127
40
1372
296
328
1626
1051
283
1056
298
805
108
2189
159
558
1349
419
2004
472
567
80
1997
1824
718
1523
594
1545
654
573
234
256
2056
1817
403
648
360
658
421
779
496
771
1467
1224
858
1013
530
496
1704
938
28
1318
202
157
805
655
435
471
839
1798
806
723
1210
1967
1072
472
378
1691
225
333
1765
1170
1269
588
537
328
247
570
786
123
295
234
2141
503
932
844
285
574
286
1204
336
604
134
481
857
683
821
193
269
1162
242
649
285
248
205
1507
441
438
646
155
318
1363
754
823
1862
1828
196
901
346
617
1121
1225
190
392
732
1856
346
112
892
395
94
33
453
1473
823
595
8
356
108
713
897
153
1595
429
1651
947
292
605
1060
752
133
1605
2067
94
267
1607
434
1043
151
1365
1001
1714
389
1999
715
1924
430
201
1164
260
2516
922
491
204
2122
235
1071
1079
1140
770
785
941
853
99
416
1137
3005
1019
980
1196
865
857
169
206
1952
455
1873
972
914
880
97
190
1130
635
290
126
822
982
1611
577
1097
317
331
375
1562
2125
1571
2379
204
1423
1004
161
535
457
1436
648
700
1034
575
1483
371
2147
1986
658
2514
55
247
1357
1404
607
309
142
913
1602
1948
1081
648
1362
311
685
798
946
734
936
605
373
93
618
30
1292
1036
212
1063
688
1640
1738
1023
492
939
1075
1628
615
526
617
151
284
1202
1253
330
1125
137
372
1286
1367
385
325
1066
125
830
640
1496
799
278
1408
1455
29
350
237
889
169
78
2395
1701
175
1608
514
1825
791
174
1010
308
2373
690
838
680
2440
229
838
817
823
2035
955
417
1536
979
3126
1536
166
7
1204
273
83
193
472
2133
1778
204
1570
581
586
244
462
320
362
1379
82
1050
2085
1094
420
1403
566
131
1342
116
1893
743
2744
540
976
562
62
64
363
209
2221
1069
1136
794
542
1773
530
1785
181
1149
736
363
723
634
1227
1424
1044
1294
737
1340
1935
1109
506
423
1459
1435
660
1418
1436
1711
946
1816
1374
673
1040
2129
290
693
86
326
971
94
951
1317
663
1250
190
1779
273
712
1131
1514
920
1002
1102
1909
725
1288
584
1052
2433
222
977
1167
692
2004
617
1138
574
731
771
190
1173
497
186
1104
1854
210
434
994
956
477
647
1110
1140
1306
619
1681
895
1786
1912
1952
1050
1520
1765
1732
366
35
741
1106
2700
747
955
912
521
1069
448
170
383
2509
476
2313
28
366
1174
1984
1795
1155
775
1212
1077
227
277
1080
357
752
1755
2194
833
1862
614
798
2551
626
1812
533
2152
1482
253
318
115
284
1243
1191
930
1702
1830
481
221
236
373
1311
674
2727
206
1320
582
2279
810
299
337
1361
751
675
1091
480
214
178
1077
301
830
1560
1495
401
848
241
474
241
1275
229
804
1724
928
952
1013
173
985
1469
500
1029
1046
548
604
1838
1009
1261
687
597
364
48
800
539
309
693
1092
325
581
1380
1796
503
848
563
1625
1373
3270
1609
273
2254
57
321
22
1256
865
873
700
405
1189
56
321
162
1314
1769
519
1516
1174
2908
2756
695
1193
1279
1226
454
152
166
637
864
833
1753
868
2164
650
919
186
896
709
789
589
305
1707
338
2091
819
830
588
1099
964
403
1500
488
247
1376
83
747
346
878
282
1842
1061
1157
312
77
1447
46
324
2447
2367
586
132
542
346
1981
540
1219
481
720
719
315
357
1290
1332
1795
1232
2177
556
387
1548
932
111
1905
2352
971
316
1268
982
544
1176
205
1104
597
250
2017
389
366
1103
1461
986
334
928
325
1073
1116
1909
332
1166
1611
1944
1039
1195
71
1151
375
1905
839
1580
661
2149
524
347
348
2207
1401
645
1051
974
827
498
241
983
1679
1917
419
686
1704
1095
819
1678
1064
1941
296
515
208
464
1974
369
694
1619
1125
1214
861
150
414
2078
448
565
708
1901
317
522
2330
920
600
768
484
552
577
765
801
146
2875
1413
774
738
563
1445
635
1704
934
307
517
390
494
182
500
3070
1330
726
350
1805
603
1863
560
272
668
2171
251
1363
930
769
188
1632
1405
1878
2253
2006
583
220
172
1298
734
132
1190
967
1617
1437
1102
919
971
1553
1674
683
455
1448
129
176
2625
1552
1460
1183
25
329
280
1887
853
542
505
1016
139
1065
204
213
1291
1452
2312
909
893
732
1447
955
336
2956
1611
1918
431
963
425
498
3046
2344
223
1298
483
824
731
113
402
404
2041
2028
2957
1616
218
1483
789
1818
152
382
1737
1327
359
2088
1135
501
597
785
148
144
1576
889
299
2076
1042
378
649
154
1310
1783
1332
637
1240
603
760
385
1030
934
354
857
1061
651
951
1777
1889
1668
1224
1603
1492
831
2914
1006
2631
147
688
906
287
541
2996
1030
688
2410
1861
458
1036
584
1272
351
1089
1326
1425
1715
544
1040
1239
964
1136
1969
1597
245
939
184
714
246
378
720
1083
631
514
1531
204
92
1421
200
662
223
1454
1026
1874
1065
259
300
563
50
1120
826
269
694
444
281
1311
909
2241
1321
1623
485
690
2880
596
1867
2507
2477
839
1504
772
979
1662
2267
2500
1226
357
55
957
3137
1712
594
524
656
656
286
1308
1522
2260
2627
875
2260
1412
131
729
2382
1071
1355
1173
295
834
267
3377
2774
92
2802
244
3236
807
1841
956
112
1068
2926
1861
971
336
1559
1838
332
1554
1675
893
3990
1727
1287
3006
1324
1926
665
266
1197
85
361
1629
179
282
3196
1528
896
721
447
1010
402
2084
1275
446
352
1734
317
259
445
172
1966
1033
2367
403
995
3149
2376
1889
2589
933
495
2376
2329
661
3207
718
93
1592
1785
1547
1178
1251
356
978
3887
1355
1030
1311
799
1346
859
1199
582
959
469
2265
1710
2208
253
2353
572
298
355
1236
801
1156
883
480
970
39
155
1541
2110
1305
512
1256
1776
218
104
1688
1339
321
250
1771
407
1666
470
1075
702
369
909
1724
797
1137
1027
396
680
1379
302
251
2226
2005
1823
933
1462
910
240
737
83
875
1103
430
224
829
1798
727
1976
206
286
567
1558
1890
298
962
515
1400
1064
1064
1277
97
2358
3305
225
661
1644
749
514
733
1280
716
2912
1419
997
1425
238
1733
1097
2817
152
243
2210
232
918
781
1302
1823
1208
2602
438
2248
308
222
893
1689
812
313
489
1461
750
942
573
755
567
2469
1335
1728
542
1556
915
1640
1126
98
1627
1963
1699
1288
1044
78
1658
1543
531
881
2476
253
863
111
720
458
1419
758
51
1025
1477
751
705
353
87
1241
1530
133
700
1048
1235
1209
426
1748
148
1851
613
3539
2282
1242
1765
1828
561
1007
1120
1816
652
665
1009
266
710
622
1359
2497
583
564
135
313
922
2883
2332
2409
1152
234
224
187
1237
1298
1651
2012
2581
839
1002
334
1036
2160
943
426
809
751
1183
1551
1243
1990
211
898
1343
172
732
466
486
1013
1222
1215
2168
2119
1736
2626
726
567
2735
1312
1003
380
1203
2532
546
591
1582
1432
549
840
1718
212
1775
1053
2888
152
430
1117
312
3145
2234
474
2537
2559
2506
1764
2709
234
2345
594
2557
606
3003
1690
1027
635
880
981
552
2293
1900
3779
318
1022
2916
260
602
1696
1270
922
1579
271
1416
1674
729
2354
502
269
1680
2101
2078
35
2782
381
132
2391
4057
1252
221
1822
1900
1003
842
91
1577
2489
213
520
49
666
476
714
654
502
2763
1879
1937
1095
1783
201
1036
1435
262
393
1852
1761
1793
72
268
636
2105
46
275
489
647
48
472
2920
350
623
1693
1150
1509
1496
2679
250
1246
1401
1258
1818
2761
393
985
425
2334
1105
380
191
676
40
929
1418
243
3318
427
1523
594
2450
957
1020
754
455
2264
190
1372
1100
3556
180
317
2055
1370
1033
1071
1199
497
798
1110
2528
1045
989
1958
804
2158
288
753
1715
2535
721
481
1015
1434
197
1489
1427
926
996
740
2209
1749
2035
1460
2036
930
1270
1663
1139
1872
135
1068
1540
449
1106
574
2632
513
191
1283
449
963
376
970
1838
355
471
1511
1293
763
3389
375
160
3362
1729
2776
91
2725
196
1693
1455
683
1358
2240
702
2134
619
1590
1518
86
2017
2046
824
84
709
970
1463
664
532
434
469
498
1540
2120
143
1120
278
845
906
1133
337
769
2197
1213
203
942
1406
1229
206
1186
733
688
641
2738
419
52
2332
1271
258
1813
1411
1273
1320
257
605
2468
1566
1509
3048
623
2335
156
1121
1180
579
2544
2811
1276
2288
274
655
728
1354
417
772
844
160
1457
1546
2732
2227
611
761
1073
193
253
1455
2695
1740
2150
732
2400
593
1285
906
2542
1359
907
1460
969
598
1394
789
887
719
439
886
1057
1045
1460
2602
723
126
823
1644
830
1519
2666
664
679
1162
1232
437
2046
1232
3796
3232
564
3790
481
939
762
2301
1172
254
289
641
404
1100
1007
439
1502
1303
745
2506
2237
637
530
1099
3758
43
1582
2079
394
91
568
1205
2886
924
2501
455
847
2371
1759
4161
1615
657
2177
1348
1206
4457
1584
387
736
3553
198
1174
1927
3242
2347
283
195
1062
985
1295
2185
2164
1811
284
1358
297
1507
1373
1021
1079
2401
1030
771
649
530
571
1443
457
520
1233
1010
3319
40
425
957
416
2515
741
678
1433
1017
2150
235
117
1368
824
3349
220
4385
1279
1690
2919
2267
3625
1268
635
1670
1341
1471
1750
1290
2129
808
1619
238
434
1775
1208
906
1695
1725
1232
1129
1309
2106
586
1535
612
1796
34
1382
414
820
909
1122
831
832
529
3175
2567
1939
2431
1813
1027
83
910
1177
1247
1432
693
2221
3339
342
878
556
1891
945
414
912
2444
1739
1770
873
601
1081
1821
159
504
553
189
1717
2131
609
1154
2489
1720
2045
2407
1805
2885
933
1407
1205
1678
195
962
493
1327
1387
1256
823
279
2152
2076
556
2186
519
876
317
205
36
906
842
1695
571
2215
3014
288
1492
1511
4072
756
2373
456
1102
1054
117
670
298
1604
507
2388
433
463
1201
1808
1479
1384
749
3164
503
1831
1341
531
1905
3416
1627
303
640
2982
1257
1249
1546
371
1755
401
1527
194
1475
1238
303
2386
1147
1260
290
1360
2293
1174
1364
204
444
1096
895
389
2591
1645
1458
925
4219
291
2697
1012
484
307
2590
2191
535
2626
2777
684
3239
1885
965
460
635
3018
1066
961
1963
2092
1343
474
501
2102
846
2939
960
2064
531
3018
1755
436
744
238
2017
1026
629
337
134
1689
489
545
2286
1080
819
2233
3063
1364
3505
825
828
3605
646
871
1041
2417
2588
830
359
2076
143
199
2220
1121
331
2899
1566
1293
3279
858
94
500
555
1743
55
2234
540
3078
1423
2517
471
914
908
221
698
1079
796
801
1319
2722
795
2395
915
1438
305
3598
81
488
340
3457
3071
1075
3694
386
1858
884
1720
936
2820
989
1874
1918
1076
2048
2148
1533
4515
3430
486
522
1044
1927
1025
384
596
2213
509
1520
1161
1175
2214
248
1094
327
1356
771
2510
1214
708
626
1032
1191
1134
1535
583
3390
324
766
1093
1285
1942
1089
1081
688
1404
1047
821
805
715
947
509
1954
2661
2360
674
1199
2183
974
454
2347
2206
418
1529
3129
2388
375
1419
2227
1727
1142
1032
999
2032
688
1965
951
768
325
812
1177
1653
509
2131
2528
2116
161
947
1295
126
783
298
1626
2018
2741
441
98
878
2390
2432
3411
256
1664
87
102
1912
455
958
2346
2158
2205
416
2039
705
1464
1987
2133
1781
647
1827
2777
1615
1390
4096
915
1099
1651
315
2039
442
202
1036
1536
1877
71
751
3644
284
979
1082
165
918
948
1653
1745
261
681
641
94
889
2235
1514
2125
2979
1664
1467
944
1999
1062
568
1236
905
1535
590
2342
1669
504
708
2646
775
2743
623
1775
1101
1414
3683
233
697
378
1466
102
795
2455
795
3568
1659
1090
3406
755
3995
170
2854
1448
1056
1727
252
1105
667
2383
542
1858
935
2169
371
1838
616
485
1517
966
2364
189
890
2183
180
680
340
987
1671
153
442
232
1419
851
898
852
78
1707
1028
782
1313
84
677
629
1174
746
2435
201
2398
630
1028
146
2422
257
463
2371
206
1593
2233
1513
56
1981
1213
514
3497
135
1518
717
893
532
2851
1826
259
1043
36
2361
328
333
185
616
3866
1569
2916
1029
1205
441
330
980
968
39
1720
1012
971
298
2637
1938
1732
728
913
3009
714
1714
137
194
2737
758
3706
3172
1738
574
1457
1765
1446
3518
1398
1791
2576
383
992
591
947
159
810
520
1148
1090
2788
3551
1714
264
698
1012
1660
2358
889
267
2030
1628
341
2838
2590
329
487
2438
1842
254
2435
653
1143
769
305
1820
1582
4256
1016
331
1501
2911
1082
906
1304
1338
1538
538
1091
1361
824
830
313
1018
2880
526
816
1410
1481
203
1515
647
1084
1536
1100
1422
1694
1750
1100
1040
814
1142
1671
937
294
1017
264
525
688
2123
877
1885
1588
1446
552
488
2213
260
3351
744
3408
1981
3953
2524
1732
290
502
1884
3126
815
265
708
3380
1289
1095
651
3069
477
3725
524
2130
2449
1237
2578
3080
2278
1047
3226
3329
3204
108
3094
1760
2270
1033
3722
2196
1096
422
825
1718
1046
1035
3457
895
847
2685
180
1181
2316
901
260
1251
1140
2196
518
3460
1854
785
2535
889
2218
945
1607
1382
888
1100
3342
715
695
1449
274
20
932
67
711
910
2209
171
2097
2854
493
1184
1980
2257
1361
1072
2028
1703
1773
1385
1719
1621
151
3659
1498
654
2513
834
3155
2115
1896
1134
469
3479
2991
2698
2250
968
4219
1136
2080
2596
2350
540
1213
755
682
577
1151
887
2145
456
320
540
729
499
2164
3314
1365
402
1303
1231
907
885
1685
252
2565
2257
495
3424
81
130
1885
2308
1278
2408
865
280
777
1266
1568
3129
366
1871
1602
1077
2304
2331
2314
251
404
2022
986
1625
2035
1356
429
500
3057
2849
2260
298
3430
1609
1382
1790
1476
2229
1609
1057
245
3208
1477
769
2751
614
653
1594
2123
1602
1175
1188
3033
364
304
526
1484
995
786
1472
1048
475
848
289
3427
699
1383
2682
386
640
2024
1326
1773
1184
2068
2251
1991
4124
262
3107
2265
2696
355
515
1268
3689
2366
4662
1116
1914
1751
2038
1612
841
429
3610
1136
1389
3295
3499
679
1076
3106
1864
109
2284
2924
1496
373
460
109
2162
1441
1359
665
2662
2719
864
204
669
899
4011
1115
1578
1317
437
2497
2325
1145
1986
3697
58
1583
1368
2552
2690
3250
1868
965
2137
1181
222
553
2555
1489
2982
396
675
3485
1263
2312
2682
2679
1579
1055
287
3621
1505
3482
960
1754
1941
1841
3002
626
287
2411
2235
625
2150
3737
1399
1327
1390
3607
369
482
721
492
741
2492
63
610
280
613
3896
1433
808
1096
1390
2228
1121
1904
3850
3629
1423
2472
1928
1769
1306
4844
4186
502
469
900
286
4219
2284
496
2319
2718
3388
3518
916
1885
113
1890
1097
3654
2899
1571
1169
1567
3177
2127
1379
975
2215
1089
3414
181
3686
2374
1856
1734
1427
2706
1557
511
398
3222
392
2954
1296
523
605
1297
2240
2179
872
5035
2975
1448
813
570
1491
873
10
343
284
2769
3156
363
465
1813
1087
1122
1393
1389
2421
4845
706
488
1728
1791
345
1003
1605
1966
2988
190
1144
1429
1411
1173
4067
969
1468
2129
2226
2093
261
693
1207
2944
2901
636
1432
1394
2284
1985
3246
1224
1360
71
4394
1622
2181
3654
3553
3218
814
1643
420
2544
1443
589
494
64
1552
920
1235
1339
471
630
1277
1256
1870
805
120
3459
2830
2248
4471
455
234
264
420
1117
1004
540
1794
109
207
137
65
167
371
174
215
181
74
87
27
3
173
4
325
321
226
38
177
186
58
133
183
356
69
243
54
108
91
123
109
16
74
28
62
29
33
131
31
333
17
131
187
297
29
287
63
71
251
205
332
35
78
160
50
184
60
187
265
150
170
67
147
124
124
492
215
96
181
82
41
62
27
315
7
39
169
14
98
154
71
35
36
143
177
301
112
71
65
49
236
249
119
187
239
154
156
53
345
245
408
213
106
52
175
149
145
232
210
31
72
151
132
114
89
49
73
223
29
97
28
243
132
306
98
30
128
61
68
122
120
164
145
142
2
43
214
279
9
73
128
452
280
129
200
147
267
536
75
14
258
250
72
146
214
242
310
529
207
74
11
68
273
360
295
245
162
170
214
318
456
536
108
364
245
73
165
85
397
57
53
456
214
193
254
71
62
100
42
404
31
299
174
406
34
36
15
253
166
517
102
326
36
160
116
188
7
119
72
69
493
385
357
139
246
430
13
121
16
100
52
75
188
62
102
33
56
333
195
415
77
10
96
186
186
130
240
401
282
72
132
439
198
214
184
452
171
511
339
312
84
71
332
342
111
127
517
357
128
24
9
391
54
84
198
278
59
17
577
14
294
156
250
267
114
285
2
68
124
417
194
263
89
216
398
512
44
580
402
434
328
372
331
216
27
65
114
180
77
161
243
236
492
201
19
245
245
560
169
338
158
395
257
100
119
150
123
31
186
233
201
75
667
180
119
142
80
146
164
298
165
241
418
81
88
267
458
100
377
224
310
116
305
83
175
195
647
488
239
328
94
467
174
220
222
147
278
173
463
136
250
139
75
541
142
70
193
617
339
287
39
64
287
214
369
235
453
24
81
406
393
218
198
61
35
254
306
120
638
624
68
86
226
446
209
58
98
328
241
285
27
215
375
122
353
94
144
559
362
176
60
161
137
79
79
217
225
71
477
328
377
88
340
386
423
156
380
183
245
466
372
181
157
199
235
173
210
159
269
233
187
140
156
364
505
514
94
172
116
98
153
266
110
53
149
450
320
211
436
258
96
211
181
223
427
25
428
95
105
237
379
124
71
221
102
257
185
236
262
157
378
725
190
566
8
378
776
553
670
445
391
441
534
702
252
251
519
917
306
688
224
118
93
430
59
180
232
369
229
455
50
65
313
370
661
535
368
410
310
227
228
113
464
196
563
300
247
105
126
540
286
262
88
151
243
229
140
245
9
188
51
140
696
140
70
515
112
159
74
438
421
134
177
290
25
253
117
496
173
90
219
287
390
516
635
81
100
171
41
267
31
217
70
190
496
758
160
104
65
321
121
584
136
307
465
83
412
151
4
703
323
90
23
38
107
142
550
129
358
384
34
357
172
243
458
333
738
418
73
505
511
308
430
626
79
862
132
119
596
104
347
273
213
30
33
453
480
13
346
221
199
255
478
212
428
360
37
109
370
15
32
102
353
179
228
220
50
352
549
277
71
439
13
118
500
416
248
137
352
208
191
137
895
470
210
42
260
53
65
570
92
561
322
161
220
280
649
96
355
290
279
268
388
375
743
122
374
369
468
321
122
621
365
133
138
96
521
53
79
497
361
106
608
372
238
283
166
93
254
294
139
121
583
210
360
530
408
161
10
193
425
306
196
500
565
343
404
248
24
483
259
166
86
162
410
112
246
45
113
413
98
315
52
16
383
811
436
349
230
793
492
32
509
79
124
172
36
598
99
29
339
334
308
260
159
149
29
839
55
85
84
459
616
185
329
683
255
665
789
787
477
257
609
321
370
203
402
125
507
894
293
150
218
781
55
1034
13
864
352
211
126
20
85
243
308
129
349
142
51
304
318
386
19
821
83
1012
239
395
289
57
368
135
432
458
139
374
194
303
178
97
255
256
746
239
955
288
626
22
239
884
294
741
678
533
579
116
265
529
577
84
415
35
178
209
791
1002
148
216
215
287
85
504
276
338
141
77
285
278
382
598
299
965
695
123
68
1023
129
144
531
298
335
83
196
545
802
132
547
175
1044
258
136
94
467
553
911
574
938
445
451
580
49
638
172
296
507
262
176
236
457
664
491
346
321
162
182
741
444
449
459
116
289
36
421
179
125
163
327
608
307
59
418
263
258
176
279
167
419
126
160
457
1184
188
104
240
84
210
42
111
231
44
168
63
114
394
84
17
85
149
48
62
190
112
424
422
299
320
381
199
38
366
143
103
34
92
22
175
47
28
454
32
40
310
27
44
180
322
12
41
101
313
59
3
271
51
211
154
285
71
194
373
47
319
496
57
200
159
239
176
62
13
121
151
195
18
303
58
470
179
14
20
21
246
75
195
163
318
145
76
121
38
89
55
338
401
171
271
391
155
68
325
116
70
166
314
52
230
320
422
167
212
311
10
46
133
128
56
91
89
19
112
120
92
147
106
377
163
287
246
57
114
63
255
80
114
364
350
182
329
271
331
183
370
7
132
127
182
189
132
53
94
448
116
147
226
120
293
114
65
73
90
351
280
106
65
326
267
341
29
459
93
148
429
394
102
518
21
95
62
221
40
458
76
238
168
402
156
384
214
123
151
175
47
186
294
403
133
224
177
281
408
93
255
191
103
52
373
267
120
425
77
242
91
315
143
285
301
277
280
240
91
251
198
87
137
181
313
392
51
122
119
191
182
218
258
67
233
52
393
135
463
34
224
70
25
96
30
87
713
92
97
16
351
98
218
61
116
210
123
32
170
137
287
54
72
144
48
30
129
563
228
13
310
546
238
214
136
52
564
89
157
162
113
2
424
125
205
66
330
91
469
97
79
276
2
180
364
76
578
652
224
134
401
31
109
115
31
131
253
249
46
174
369
6
330
82
270
101
88
188
380
165
24
280
362
42
614
104
313
124
350
35
197
241
64
471
415
338
65
318
223
22
332
155
60
260
215
22
217
10
356
209
312
377
718
126
151
121
88
154
663
260
56
10
76
133
215
31
211
298
221
153
266
42
289
222
123
342
127
210
502
259
196
113
477
367
68
146
135
156
80
78
140
133
66
281
86
190
517
343
177
524
231
31
520
391
597
272
174
363
185
491
208
21
200
391
54
173
341
430
202
257
110
323
206
39
22
75
455
165
165
552
189
77
62
295
127
440
262
17
194
68
170
232
27
100
220
170
703
220
328
199
221
320
358
907
117
209
231
250
206
15
208
18
640
68
290
52
166
257
402
193
190
55
345
104
240
481
168
266
641
54
443
37
490
418
428
368
329
683
335
560
412
554
683
318
409
305
283
559
723
56
13
149
226
205
11
566
426
456
155
257
33
376
201
367
205
207
29
78
135
487
448
447
467
502
154
398
382
435
191
66
272
514
184
118
9
217
82
401
62
37
201
465
285
185
278
321
90
361
38
329
452
109
230
706
275
267
62
133
63
131
324
110
93
430
136
140
175
103
248
423
730
203
105
740
52
185
466
514
100
81
57
247
4
423
423
214
440
119
128
238
155
451
159
178
825
67
282
416
216
803
672
383
461
410
129
465
66
450
646
388
100
551
116
303
135
78
131
123
34
266
48
262
73
465
674
488
481
98
339
682
639
55
537
210
86
91
253
313
182
452
59
110
448
249
358
43
169
91
298
357
554
203
115
494
134
619
335
331
230
670
32
179
370
381
289
342
950
253
179
45
556
485
5
426
436
275
160
217
323
813
467
332
307
681
222
192
156
486
499
403
27
320
142
557
258
365
76
351
482
427
32
188
90
290
433
46
28
353
472
621
431
183
288
211
203
352
232
118
138
184
485
300
273
1034
79
130
324
42
84
151
588
651
406
852
461
40
88
107
158
289
697
462
150
176
359
439
258
432
281
432
531
797
595
429
228
220
232
7
156
1122
37
1032
376
271
66
430
174
724
563
294
161
96
505
118
39
508
104
381
1133
848
248
40
356
474
45
299
170
111
206
253
430
87
354
101
475
737
19
919
171
885
735
390
377
192
724
137
206
85
198
572
59
15
800
480
582
480
332
236
99
50
383
776
404
605
537
356
225
100
297
427
535
245
958
67
319
625
554
287
133
677
789
257
155
131
25
194
40
1065
262
255
456
328
615
346
577
112
495
376
42
517
232
390
566
395
117
623
255
131
151
293
279
885
692
299
1252
402
81
448
78
73
401
695
52
103
96
208
289
256
540
889
203
118
482
495
380
255
965
503
245
148
523
707
876
676
633
724
110
441
223
69
131
517
94
435
560
464
956
830
370
902
209
92
526
398
464
118
20
881
173
182
214
68
100
824
88
263
543
470
92
438
415
197
95
95
708
537
541
131
93
696
94
428
707
523
731
391
126
96
415
213
43
258
314
228
297
268
112
226
168
227
41
221
118
184
692
214
923
198
1053
1338
445
143
471
106
384
158
769
288
184
415
215
633
752
497
191
23
261
1153
489
558
551
571
583
382
590
653
82
325
163
318
97
99
948
397
335
580
646
499
695
317
90
1095
93
514
216
559
119
335
345
383
718
821
471
167
206
392
218
416
803
181
110
33
120
423
672
450
508
136
629
130
20
4
34
17
4
51
27
8
15
47
27
51
7
27
18
37
22
18
22
16
9
16
12
14
31
22
15
32
26
24
68
9
8
26
46
52
3
42
4
8
28
5
8
22
32
24
13
34
45
9
47
9
49
23
55
12
48
33
13
60
28
28
10
27
22
24
52
28
57
18
46
14
16
40
49
81
5
36
53
3
106
103
58
31
14
42
4
80
74
58
17
74
98
65
11
62
6
13
40
101
35
33
48
61
11
35
34
87
102
7
34
73
91
103
129
20
26
86
58
15
95
33
18
47
48
131
33
15
77
38
67
49
65
32
41
45
78
101
45
60
20
103
11
20
112
37
36
57
22
27
37
32
13
18
51
71
114
51
81
54
11
8
49
100
13
70
24
133
102
50
76
3
43
75
155
189
83
59
78
20
52
114
23
178
146
75
104
56
144
132
75
10
60
140
4
54
103
135
188
60
83
42
46
112
32
39
54
128
78
31
96
49
26
116
44
143
31
87
91
130
88
115
103
80
161
59
70
155
14
19
169
99
8
101
82
183
32
160
59
204
104
97
81
72
90
101
159
179
272
18
43
71
21
58
66
37
16
93
22
111
46
203
29
80
282
101
177
65
58
55
58
11
68
243
23
134
61
160
35
88
180
18
71
125
25
33
103
17
99
128
240
190
2
4
67
18
41
73
266
66
35
91
49
196
38
89
41
88
199
198
44
141
51
117
177
233
297
29
25
71
31
101
45
45
84
73
14
51
214
160
145
107
133
30
47
52
130
14
80
203
6
7
135
184
74
93
275
25
149
133
40
299
178
100
45
198
67
310
89
70
244
117
112
285
206
92
121
150
286
324
40
178
90
48
101
182
109
74
239
344
120
14
160
117
208
132
147
156
169
17
169
109
13
64
185
35
289
323
37
220
238
128
33
233
192
30
79
85
100
205
30
50
207
125
49
269
109
31
284
126
45
75
77
20
270
37
108
151
131
80
50
47
137
163
91
111
366
346
117
217
240
65
171
129
27
21
25
176
19
156
291
350
191
266
123
253
77
156
40
311
328
195
184
8
112
283
172
202
167
130
70
94
162
68
51
191
91
72
256
43
123
58
205
66
65
60
218
51
346
32
253
77
176
39
238
188
429
64
76
153
136
215
65
176
124
230
378
256
71
72
36
195
241
280
87
96
97
236
96
254
34
29
221
49
52
31
54
259
63
60
468
175
312
254
220
100
63
27
66
121
85
28
281
192
290
103
19
57
125
164
53
215
335
303
118
73
368
391
161
299
310
220
127
376
114
323
433
24
37
54
171
221
116
156
145
106
89
154
87
50
41
45
118
330
347
420
94
65
33
123
245
215
12
328
57
91
310
227
430
444
252
338
135
115
29
189
84
126
149
450
191
41
442
72
395
25
517
339
34
287
126
60
354
38
143
9
51
89
221
125
128
363
80
238
99
110
254
67
109
164
102
405
116
32
118
144
34
171
158
627
519
364
295
477
94
223
54
168
156
53
140
150
68
146
29
56
334
132
199
458
66
54
207
48
184
49
52
55
40
506
26
128
103
125
51
158
14
147
9
354
194
117
330
72
93
116
230
46
336
397
39
241
345
34
246
339
93
178
220
434
438
150
173
587
506
76
56
67
170
349
463
98
128
421
68
412
132
263
76
54
12
205
269
168
35
235
404
580
444
172
193
226
233
303
126
424
380
11
255
165
203
146
292
35
118
117
163
228
85
87
378
388
235
298
228
199
243
292
112
115
65
157
135
53
176
53
113
9
528
335
98
445
18
403
300
268
32
215
265
177
26
128
220
63
205
74
134
138
117
131
118
283
146
143
344
192
124
249
297
133
267
661
550
177
477
268
210
399
447
120
51
280
288
93
286
89
58
463
330
80
51
80
521
550
379
56
182
345
87
409
250
645
232
88
142
122
312
520
48
422
253
123
83
21
97
706
347
281
32
93
526
228
328
2
89
134
686
216
27
260
114
208
244
668
38
18
458
297
411
410
728
51
31
72
214
70
32
239
136
256
332
195
134
469
143
108
209
472
105
165
285
643
27
191
164
450
113
120
470
316
221
144
136
266
503
327
242
181
500
69
412
203
15
376
254
625
203
96
290
52
220
204
135
250
265
34
262
68
198
457
61
95
48
311
671
82
187
704
345
80
119
359
88
228
61
117
151
124
381
312
363
292
262
593
245
196
153
59
59
137
145
229
173
265
95
149
182
109
523
219
679
664
284
326
204
30
107
138
56
62
297
506
360
791
123
112
37
366
89
189
305
269
365
366
666
487
394
112
329
307
354
250
431
715
465
177
473
221
659
140
575
500
535
58
321
941
623
760
99
264
663
360
32
299
416
139
493
231
568
212
15
245
348
28
112
624
109
414
190
61
182
155
146
244
291
438
306
240
158
354
270
166
461
222
383
364
737
315
286
345
628
394
93
63
96
154
152
261
824
310
129
52
321
613
276
120
75
341
318
157
61
609
495
149
209
86
309
479
106
359
241
72
855
181
294
844
17
409
95
272
528
602
40
30
195
350
518
123
167
574
623
181
318
495
193
78
182
335
27
529
738
118
852
280
74
327
336
292
241
94
440
768
671
571
177
26
485
407
692
52
446
209
71
115
692
68
235
132
357
698
375
37
540
473
282
40
70
115
14
218
432
241
235
224
69
341
686
120
107
210
448
186
596
93
64
48
86
272
293
295
152
452
81
343
351
249
99
309
178
75
279
200
416
270
124
111
349
274
121
602
520
580
256
371
592
225
555
383
194
229
497
89
223
283
221
407
1024
621
120
92
126
442
250
286
409
346
352
56
469
407
127
194
211
767
205
91
453
68
506
254
468
273
551
542
108
271
252
196
398
630
69
100
470
583
526
373
377
582
492
845
53
203
764
340
38
670
282
293
463
135
588
84
590
390
94
6
262
102
703
293
79
117
156
920
551
429
169
539
235
89
23
849
137
447
390
348
189
32
482
320
265
337
327
311
91
198
238
423
132
678
513
576
260
407
63
41
57
97
486
207
331
31
203
611
136
591
184
494
168
721
98
554
147
513
717
190
558
75
69
539
177
18
37
1072
82
408
873
53
120
774
570
96
635
652
892
358
353
234
475
174
6
396
536
482
403
269
78
336
440
83
214
668
901
470
375
213
385
538
939
220
334
23
522
240
255
504
173
215
391
274
588
286
655
818
495
192
289
109
605
711
303
242
79
96
338
395
735
389
460
783
200
259
52
146
222
363
639
207
452
391
664
581
80
371
97
204
535
52
470
224
837
330
620
14
198
118
381
812
184
186
483
91
270
93
520
796
155
8
144
266
508
434
39
382
438
412
348
894
777
246
426
248
520
70
617
539
57
236
722
54
546
268
233
13
787
603
244
1089
699
58
261
292
87
70
350
532
417
987
589
543
77
586
492
561
527
38
121
452
253
119
180
137
119
142
424
885
378
178
284
104
956
568
795
942
71
649
114
246
300
994
424
98
67
223
714
480
447
332
376
221
541
208
116
47
500
388
24
300
711
659
737
752
537
469
1102
564
104
282
150
1031
482
316
151
461
192
142
111
382
446
427
182
493
771
466
326
715
486
347
227
181
126
1342
440
656
799
741
24
709
537
211
536
868
393
485
339
185
405
288
1054
134
421
222
284
208
43
801
786
316
26
142
338
150
373
54
907
413
834
130
99
85
189
597
60
115
1228
684
285
993
132
472
805
491
335
521
775
55
667
827
292
669
957
36
555
194
119
554
473
209
524
488
130
68
132
190
139
560
47
433
387
439
88
953
278
371
580
482
139
158
84
986
300
248
17
546
169
483
194
509
129
1418
465
419
525
331
322
199
763
307
41
112
221
148
371
55
753
368
1141
385
1172
745
395
489
107
688
269
87
752
566
245
340
214
764
831
1060
310
300
172
255
435
308
1161
42
206
63
623
473
1348
725
120
715
90
1164
616
365
553
1044
788
804
270
400
42
604
54
1233
284
430
1159
135
201
116
360
609
26
1299
32
110
501
741
807
698
233
113
526
404
1341
505
917
237
159
38
102
734
101
135
693
108
1596
442
690
31
268
412
780
461
59
409
174
359
446
34
202
630
512
369
869
496
488
584
202
45
183
602
411
652
196
613
699
874
809
423
178
534
353
388
141
412
310
105
256
187
1285
866
128
284
433
146
794
518
532
839
241
98
1236
308
120
426
172
198
827
630
599
322
677
404
415
1096
1050
101
947
447
295
413
632
424
194
170
1359
87
371
319
351
243
86
663
1021
805
300
131
718
984
464
444
563
411
541
184
643
213
313
560
808
77
94
81
591
111
243
52
25
48
314
955
348
46
186
1228
169
274
962
1334
625
711
527
217
1008
865
442
338
209
305
344
368
452
570
47
114
727
1318
357
198
180
437
220
217
739
276
875
21
765
931
982
216
824
919
795
133
310
986
540
110
23
1021
122
415
92
289
1365
240
375
1039
241
8
331
244
533
482
159
357
1051
291
902
766
453
322
274
514
263
200
1150
540
563
59
865
207
413
813
656
47
666
175
122
261
135
1012
838
38
750
538
1203
319
237
302
184
1176
113
801
1026
34
152
96
911
741
877
268
353
1204
926
633
1281
189
699
1287
376
68
65
188
417
59
334
393
1073
142
468
43
256
1291
102
754
1173
1214
400
161
280
963
259
514
705
977
868
365
920
134
631
476
152
497
76
389
817
44
538
316
662
178
414
779
247
352
490
479
71
167
300
526
293
928
165
576
1064
1233
434
812
157
666
869
1336
258
175
49
325
817
1287
871
89
914
533
881
5
536
82
1003
190
313
1062
627
1134
171
804
987
1080
749
919
239
451
340
699
58
212
558
760
240
1072
552
303
112
306
184
514
1107
426
68
680
726
258
446
522
228
165
327
258
415
1089
1367
638
1053
1020
352
79
32
799
43
620
1513
169
225
735
77
77
822
149
1031
840
388
353
1173
142
1030
46
850
184
589
162
415
636
692
109
104
302
902
1163
844
866
924
75
421
105
539
754
251
368
1057
921
524
750
426
569
400
1624
971
1550
979
1005
117
140
34
641
165
460
456
1619
1633
726
364
935
416
326
1673
571
589
865
236
1200
710
15
151
894
1136
255
600
239
674
746
175
1010
547
405
583
603
238
909
109
270
1166
295
602
185
1348
881
892
1392
714
173
1085
586
396
310
475
116
228
303
923
760
245
431
130
17
7
43
24
8
12
37
11
45
25
49
10
57
2
83
13
71
35
34
51
9
5
23
4
10
22
8
21
38
17
27
104
31
29
9
24
21
24
55
70
15
71
44
30
6
17
18
30
49
21
55
55
77
48
18
121
82
57
75
45
10
36
9
38
56
15
129
28
25
65
104
11
78
29
37
18
61
99
24
11
33
20
65
77
74
3
79
24
5
5
67
18
86
26
88
50
6
27
27
24
75
108
52
86
67
115
7
80
14
20
8
14
26
112
56
140
61
17
64
11
81
17
88
80
146
55
24
4
97
51
37
38
26
92
14
82
55
33
27
187
110
20
67
77
138
57
91
12
22
112
121
65
72
67
86
158
9
75
65
30
93
38
51
145
84
82
80
14
16
50
92
28
132
49
41
166
6
170
68
71
80
30
98
35
108
26
79
138
31
64
117
82
61
46
84
72
93
93
48
62
6
54
166
5
65
60
188
130
10
88
35
111
183
117
99
123
225
109
147
86
79
28
49
112
16
8
5
62
242
99
80
25
30
94
84
255
67
10
34
64
10
243
16
114
47
46
24
97
123
122
153
179
82
13
148
83
141
150
137
263
157
46
96
67
74
82
176
169
204
103
94
16
34
69
264
126
117
41
39
28
90
169
19
85
26
111
261
78
60
82
44
39
296
177
52
61
97
210
54
83
2
139
333
237
188
141
66
63
122
70
231
76
144
291
119
9
191
23
9
74
117
93
27
116
98
193
82
24
16
90
132
109
89
52
4
191
136
157
361
16
2
326
158
111
26
142
13
290
171
368
51
201
329
204
183
165
222
356
246
77
168
47
136
244
182
63
154
30
268
6
69
205
113
108
96
98
63
116
176
47
117
315
88
139
190
153
78
85
24
14
94
126
61
33
6
35
34
99
82
56
61
65
71
158
129
108
152
115
126
37
66
42
105
48
38
130
64
125
82
107
77
47
78
90
35
151
54
55
103
119
162
101
74
3
60
115
15
31
23
171
42
52
70
107
58
20
16
77
112
10
50
144
117
9
27
33
28
148
38
65
6
149
121
170
110
77
51
23
21
126
41
37
65
10
148
149
80
161
55
12
45
121
37
197
84
73
251
103
64
71
45
37
148
259
77
13
63
84
81
25
128
95
49
178
58
74
204
116
136
162
121
71
199
20
20
65
59
92
42
14
75
15
6
80
53
131
28
10
45
9
72
114
32
24
70
59
125
67
12
90
50
55
8
200
86
149
73
113
119
85
96
202
67
18
54
12
121
12
64
112
164
35
51
137
66
143
246
256
116
12
129
47
62
237
126
252
70
73
99
129
178
230
178
97
30
21
130
99
138
48
47
10
223
237
77
173
138
96
50
248
297
32
75
58
104
98
6
40
162
69
149
172
50
298
168
196
47
200
40
208
79
172
167
76
301
132
86
160
239
53
37
393
118
31
113
85
45
188
40
30
169
66
218
72
222
110
121
257
245
106
250
63
43
193
122
48
65
136
362
226
176
63
176
175
202
71
69
92
164
56
4
34
112
15
379
215
58
66
68
36
497
330
159
79
150
222
251
194
54
331
158
334
107
127
385
28
32
102
12
143
145
285
275
56
147
56
186
72
246
204
144
78
12
365
109
330
9
122
92
360
42
93
122
144
370
48
78
35
152
104
254
123
259
168
52
134
108
45
199
11
32
4
198
36
111
137
281
343
35
373
59
78
119
207
299
262
21
139
288
105
314
181
650
866
284
87
215
1024
357
261
758
204
717
515
1108
477
908
569
145
317
102
395
704
350
484
278
352
881
357
229
1129
573
855
1094
220
754
664
345
560
177
699
241
1144
35
1148
538
163
627
1100
1236
1017
730
401
791
1440
537
407
366
291
74
141
996
54
978
619
458
107
768
376
1230
502
254
675
303
252
556
886
305
702
407
532
598
758
782
17
884
1113
187
552
256
184
354
603
505
501
674
492
514
536
1119
372
505
652
1280
886
772
617
1430
477
168
275
1066
127
175
833
870
262
956
568
714
798
667
242
814
197
957
431
66
577
245
709
317
1347
205
1052
317
797
36
735
316
721
196
445
533
60
157
307
136
13
286
913
980
522
449
254
519
285
142
355
281
206
744
898
324
757
215
680
870
1199
808
151
369
1030
1171
101
284
256
784
94
818
1621
903
660
131
541
705
652
571
157
226
659
442
1110
1302
635
918
532
1078
509
1655
426
712
645
212
98
447
444
1290
198
659
1401
1148
472
64
626
1368
1173
430
1228
705
141
438
779
41
1210
212
1255
846
671
1137
1293
122
492
1373
344
1250
195
394
230
1029
1093
110
934
471
577
685
1379
1348
1013
924
1313
1069
395
1724
199
772
673
405
1010
284
1177
678
1667
519
582
554
780
693
1569
348
395
765
899
310
157
263
73
222
657
981
565
183
369
263
1148
417
1266
900
518
1876
1394
724
840
817
621
1048
559
171
805
1503
928
701
911
262
825
805
152
1592
793
44
926
396
312
4
472
1431
701
468
362
297
532
1328
1712
592
767
1505
936
1079
764
1020
893
1351
616
367
589
495
409
742
574
227
1007
871
751
514
266
97
485
288
1021
1236
1068
516
1216
558
1122
1369
843
1824
1902
474
145
850
747
1325
987
497
455
549
289
308
41
321
333
378
627
875
1847
217
722
726
977
746
936
723
1508
230
266
759
195
279
1100
805
100
446
1436
1149
531
469
776
179
368
362
537
1849
345
170
975
1098
745
323
268
1004
1940
429
169
958
749
1303
1126
1005
703
810
552
153
224
1864
116
768
677
1190
584
247
112
821
190
1016
890
1189
708
897
646
823
199
98
76
254
790
508
977
173
473
493
482
29
97
388
224
234
543
610
206
41
837
1710
129
53
1237
5
994
658
164
29
148
486
269
556
445
1118
612
569
98
767
162
326
888
2044
218
1381
1548
50
307
1011
647
1164
911
189
1241
402
349
590
1605
238
76
1356
1814
423
1503
955
926
966
1188
1278
491
255
561
1538
19
22
230
169
389
636
670
1040
377
642
355
250
295
317
533
1152
779
1062
1223
480
1098
501
621
68
602
843
991
350
413
339
14
821
52
273
1051
960
1834
449
617
945
418
864
989
601
516
163
1351
72
622
332
358
384
1410
199
757
921
723
180
836
330
830
1019
1987
328
954
1237
1680
240
1100
444
524
348
1847
1174
291
307
487
584
105
1715
828
239
1295
347
469
943
57
458
1068
70
305
725
1403
1273
653
718
15
254
1040
630
1458
1120
1328
397
434
105
822
214
704
1236
1128
580
482
1317
34
222
653
224
163
71
1372
2068
121
245
644
543
707
392
265
1249
1252
127
1173
857
1298
1378
470
1751
405
789
319
82
645
240
128
452
809
1297
51
922
335
56
57
1482
1066
67
265
328
43
70
762
395
73
2287
68
536
1121
1642
456
437
227
1772
152
1151
653
1564
1851
320
616
1388
1710
725
989
88
1006
1356
1579
484
1202
555
1399
315
1767
254
1291
1334
1639
468
420
637
175
172
669
1355
340
76
741
1315
496
456
812
862
1412
1715
478
982
227
1408
278
212
610
874
313
867
252
267
283
934
1299
144
385
671
1254
550
99
94
401
407
1346
990
368
1378
1800
189
1131
1811
75
80
92
246
547
1881
1081
372
161
447
1537
1343
83
430
1362
582
936
466
540
1330
1700
1018
605
197
1648
515
917
463
1398
974
79
1112
962
149
257
175
64
636
379
255
231
862
842
701
643
943
1056
1608
1626
667
639
2215
397
607
685
289
672
502
1014
597
400
297
1744
1236
178
363
172
571
1154
958
1284
510
640
738
100
1161
400
587
473
1658
288
518
670
1145
62
204
1372
719
309
858
378
402
436
562
417
291
72
196
260
601
662
382
707
2128
22
137
102
271
326
1064
385
347
1474
325
911
609
851
865
433
427
149
323
1013
1159
314
1788
973
816
1662
398
34
544
2045
1820
744
789
1506
271
990
559
212
1296
750
2045
630
435
595
499
462
334
1344
1370
975
773
1028
86
449
1664
728
1026
1040
1378
482
444
154
524
924
138
503
751
278
581
404
601
563
675
672
878
1179
568
820
559
1302
593
2116
200
205
1722
794
278
2080
997
1508
774
759
910
323
1314
615
1953
809
286
470
192
817
838
12
2342
1862
490
723
74
245
22
401
777
749
62
755
287
2347
273
365
2249
527
1565
1018
1482
1368
702
1249
1224
1447
38
548
1186
1199
902
375
123
1366
192
223
1016
589
802
1816
411
276
725
1154
367
1959
795
603
545
2574
1463
872
709
544
535
675
352
418
1566
129
968
690
458
2104
154
42
847
200
182
336
377
678
989
2087
954
170
1949
907
796
2034
562
492
688
1867
1458
1807
1067
24
342
1218
359
782
1820
369
310
285
1469
259
377
523
951
252
1453
182
595
688
276
341
1182
60
1778
478
58
521
2375
196
346
347
260
240
1287
1000
167
829
793
434
346
540
442
642
996
1974
107
644
899
521
892
277
542
448
1775
580
1117
33
1891
2124
643
859
536
634
512
1601
1285
162
1517
125
672
79
378
710
370
566
1271
531
765
480
691
121
1012
398
1484
1057
579
500
424
1016
1607
801
346
626
993
779
1934
630
349
40
768
126
400
599
988
1308
915
711
777
329
673
69
666
808
1992
1206
62
1053
157
657
663
936
862
979
387
1175
1582
1940
2440
204
1439
922
1139
1562
1798
542
197
2107
88
2253
143
1718
177
768
430
1471
574
97
762
338
1610
702
754
696
331
2068
1044
1125
1483
233
1024
1163
479
688
752
1920
316
306
910
2762
1680
740
608
691
1325
1179
2128
448
112
235
950
1709
1532
329
712
49
726
940
1948
67
491
28
294
254
710
1376
470
322
58
1163
482
553
2393
1051
885
528
207
309
39
1370
722
512
801
218
114
350
166
748
2558
669
128
777
726
945
284
132
1195
1154
1021
128
1298
780
1130
738
584
190
298
2103
1650
416
106
426
457
312
1566
315
572
1233
221
253
1062
1510
826
1401
994
2894
569
1520
1509
1248
1165
451
1756
334
704
815
793
716
786
2070
1307
1210
469
1759
1669
88
1024
339
435
150
1047
1554
597
130
1070
1247
773
939
429
2036
2117
1162
183
1563
1967
743
416
340
1086
618
777
1078
63
257
1431
1908
513
573
819
1012
2044
296
762
1809
589
1070
1192
877
112
900
602
913
236
2364
1557
810
510
124
849
898
968
655
135
1306
622
1159
544
127
104
266
567
738
1406
186
669
660
1360
163
958
178
1915
399
222
835
408
2345
1019
1787
1435
444
994
1236
700
1047
387
721
586
1225
1367
1300
2145
2099
779
515
724
756
581
773
2294
429
408
241
472
447
405
1120
1356
363
587
510
789
1362
241
2312
271
316
267
3164
1873
551
140
631
72
615
1145
318
769
615
1686
1070
1110
473
1319
1307
323
238
1001
1236
1293
836
1546
529
419
408
252
246
1205
134
1634
204
2306
1862
1466
656
1919
1427
415
1600
675
1397
349
1317
816
1196
1662
407
2172
2150
1105
234
1102
1216
1252
764
420
524
714
594
1991
1495
2575
2148
458
1516
165
1988
818
2600
1114
1702
1160
1170
441
1698
1794
116
1469
1416
693
1221
517
1945
486
1828
417
1279
734
132
770
716
1426
664
2433
815
223
371
1495
282
1151
2828
1018
565
503
2656
494
739
1889
412
638
375
1062
674
1737
141
420
258
540
760
695
1072
256
433
553
1014
352
973
1420
806
130
1672
517
1086
1411
1185
404
509
61
149
1003
126
13
128
1264
90
593
1550
534
678
1305
297
1070
1951
280
774
798
1747
844
2235
332
2548
742
1475
518
236
26
503
870
2368
597
2043
1501
571
219
241
2092
3040
1237
3070
506
294
1455
1285
815
406
1454
488
962
1357
1843
1252
1394
1601
2197
998
417
799
195
663
859
494
782
2460
776
560
467
204
583
1544
12
1753
2546
507
432
591
1662
358
1573
2728
820
2071
854
569
106
305
1131
165
1645
1008
542
233
449
35
1567
579
892
1322
1262
882
295
973
373
1874
336
678
321
386
346
81
1669
1687
2613
1386
648
1070
690
421
1257
996
116
973
286
1460
2074
622
133
1870
1230
1521
971
1753
891
767
1748
190
419
158
2339
1963
2385
824
783
555
877
34
788
1107
853
326
393
262
818
340
325
2189
1317
1171
527
696
53
659
324
579
110
450
470
1683
326
2274
955
108
208
136
603
1228
857
338
873
723
119
377
3154
524
2148
258
386
642
386
212
366
641
872
122
94
1977
1613
1156
838
1114
171
165
608
1536
831
2861
1155
1701
694
1784
595
2634
844
705
644
795
1537
419
301
2846
1477
1120
568
555
1502
129
556
1350
1831
486
480
1868
1565
96
1662
1422
259
289
1958
1224
1352
1256
1940
30
436
1595
529
69
1090
89
183
164
1491
1270
866
1217
1124
296
233
1031
607
339
985
1213
1160
170
101
170
1878
100
869
31
869
1771
275
1611
2378
502
62
93
386
141
140
1340
476
1879
1848
1266
343
487
1612
1918
1026
220
1088
283
690
455
614
96
860
1171
1119
479
1135
415
2296
363
346
114
918
1224
1130
455
301
1288
778
1642
511
1778
1260
313
124
504
3
2065
1230
1024
1221
1097
534
580
191
830
1949
562
38
818
398
2055
73
169
1615
1939
1444
1516
1683
165
2334
1086
195
727
527
1208
896
808
1372
1334
1517
1284
926
197
1104
375
708
1202
22
912
662
1086
824
1053
960
754
942
1349
749
737
368
839
1683
956
1963
871
865
1275
1327
1203
1520
2034
758
353
1095
2202
1081
1893
878
638
2028
278
2116
757
2795
978
236
1252
248
1041
170
1365
602
845
2037
895
897
476
1825
295
1114
610
323
804
367
1752
562
253
406
236
1348
180
1841
799
1901
955
1548
190
1129
230
1183
3022
818
580
1349
1309
691
38
1735
297
1731
1386
2391
258
1593
921
356
648
2387
88
626
2578
910
740
659
415
1170
972
382
592
1213
579
1301
927
183
1262
2160
1223
980
2205
462
1468
749
1173
444
2171
524
230
882
390
382
2704
1073
2257
253
1010
434
60
1157
869
1111
536
3125
1866
484
145
1386
716
1207
1076
2094
524
2411
707
219
1446
3183
1109
86
2586
386
1015
1426
235
2847
402
432
1431
359
2114
1832
865
881
2276
414
507
2167
1474
466
770
391
308
257
2142
1326
833
1520
522
484
2032
75
2739
1522
1410
895
499
2216
2437
844
1145
328
1236
413
2751
748
1908
848
285
391
1196
934
309
2051
2005
399
2530
3156
1371
1454
871
945
760
808
129
1966
954
1258
2007
514
1102
1920
1265
1064
135
1576
145
278
463
1027
932
1447
166
3282
1127
1349
1227
183
1822
1066
261
78
1164
159
1378
694
1013
745
333
967
1970
499
1132
2079
1169
2145
39
1367
1018
784
1412
924
405
2323
342
532
3011
784
1197
1530
1244
2197
128
1441
1114
201
1266
1049
63
988
996
63
386
2100
635
387
129
1689
442
291
3428
289
2532
598
925
1001
688
1747
1294
177
2238
1409
1530
1412
994
132
478
2314
270
393
136
1905
343
445
524
40
933
2540
2244
358
587
1498
1318
1155
1728
836
819
775
1811
327
289
2549
774
537
2328
2502
2166
1500
837
507
1241
14
606
313
951
2556
100
2782
637
150
936
2152
1489
1681
784
2758
570
3004
1979
1585
1934
91
301
1511
1690
521
526
62
905
2478
568
108
1025
1355
269
123
1163
1221
3005
147
680
109
1787
276
2524
777
546
196
1469
830
2178
35
1602
1668
1579
1917
605
1983
114
464
678
441
1899
1118
781
1428
390
861
1742
1045
2164
1129
1915
1951
1041
96
4009
266
649
569
1082
835
2074
1412
2285
2113
2606
1068
2025
2322
695
1669
71
358
58
507
1653
2094
1150
945
1258
1187
78
1305
2757
1970
857
3025
419
182
316
1194
472
345
1575
508
1744
506
1235
1597
672
780
1426
1536
1947
308
2452
418
1340
447
1938
786
2344
824
869
127
2280
1039
2253
477
326
748
2561
1196
949
475
924
248
514
962
1595
639
1151
2906
798
2023
445
2299
866
970
36
784
2768
30
545
917
2170
166
1061
2904
1136
470
1243
619
886
1675
2501
922
342
1261
600
1375
949
983
899
938
1169
1270
1116
2167
2878
1779
1933
1313
3498
844
2569
1058
63
448
1378
2560
1116
3269
442
2301
61
232
232
1211
484
159
1329
1803
1624
17
198
387
368
215
637
1142
1024
487
721
485
556
475
1115
648
445
380
1002
279
269
1272
559
1622
296
1661
1018
137
1965
893
77
2504
1777
915
1448
1593
442
1184
935
1689
1594
2580
3958
1121
2237
112
483
1141
1111
494
1324
604
631
2232
1034
1008
593
230
653
395
409
393
854
276
2526
119
1163
1883
2100
155
745
955
923
1531
646
1831
519
1326
3073
569
1195
2410
1742
1009
1243
1545
985
1323
1081
1983
444
1661
1232
2416
2367
828
461
567
1390
1236
603
789
566
1113
1049
888
1295
1444
215
538
423
454
557
747
3098
1752
342
2977
1356
441
384
960
1912
693
1936
720
446
800
1751
2170
1610
96
443
1893
355
554
709
491
1348
814
1549
1017
1125
884
1622
661
778
389
166
1859
796
192
1214
889
1439
359
1594
1403
260
1867
528
697
1266
1444
3126
969
1873
915
1345
2870
1725
390
3564
987
2507
524
772
2797
2675
1096
1279
721
1596
2702
1587
453
1797
978
1904
1060
326
178
500
3444
394
941
3078
628
1606
1273
577
931
2094
909
787
819
275
1360
637
546
788
1078
257
893
487
958
925
2912
2122
1272
1913
829
868
1813
1851
1270
555
1184
505
839
151
2215
649
566
705
832
1696
759
204
681
323
655
379
266
477
2386
1215
458
2362
809
784
101
1602
296
444
700
2560
273
585
1062
683
826
476
1139
507
1990
766
1954
1803
2019
1205
676
422
2550
1091
767
762
1163
253
1860
1706
792
3490
770
146
1108
1716
208
1141
799
908
164
1357
2395
659
3158
175
3047
822
980
287
685
559
1566
1617
169
948
1407
806
2828
39
1719
201
113
2164
190
830
281
2916
1057
1166
154
2941
1658
136
1274
2530
127
1730
255
1769
2824
759
1443
1753
1011
80
1681
386
1334
2071
1421
2063
2612
1302
1346
863
2511
127
855
1859
445
1576
1396
884
2270
327
1504
1760
2444
1223
1441
737
481
289
101
194
854
988
181
1441
910
850
544
290
1851
1995
1097
2185
941
943
2027
1102
1773
2583
258
920
44
1146
892
626
1589
996
338
825
1068
274
990
412
4318
139
599
3482
170
572
1440
106
1538
660
2054
1650
500
2221
2008
766
8
671
1339
1691
1967
2856
1784
908
114
438
1878
3613
2401
1561
3103
1983
1406
581
666
2107
812
556
2274
272
720
244
1725
400
1460
1123
44
673
973
3973
1867
483
2489
2500
1412
232
1996
305
2207
2288
2048
1460
603
954
1983
3569
456
749
1669
1269
368
2663
417
1694
286
954
873
2143
366
726
926
162
431
2247
2290
2774
1494
321
1089
433
2680
1029
1582
784
1819
1777
1772
646
1128
518
2549
1070
768
1903
606
3245
844
88
925
513
124
233
1108
222
522
455
1349
1072
383
2081
2350
2756
1968
1718
2423
3940
556
203
2336
2271
2159
879
1684
1815
4345
374
1143
153
979
1247
1395
551
1248
3007
608
890
3007
1598
537
389
762
2086
1343
1255
352
2368
804
1103
1036
1413
851
2454
207
1043
1228
1400
1340
1521
2261
2007
291
475
581
1486
281
3597
2781
537
1238
1654
41
1028
320
2565
474
966
1542
1266
72
2162
146
1870
532
2981
653
1966
2412
2420
2425
318
185
894
2705
827
972
2543
1331
1663
1619
1952
384
538
656
888
1860
3973
2766
1169
1346
2872
1379
1537
389
502
295
350
2490
1002
1055
4034
904
518
145
520
199
857
2467
1585
3098
1490
1044
731
1041
546
441
784
941
648
797
840
1111
3231
1026
1792
1308
582
879
817
1071
1375
496
890
72
1021
3081
2595
2317
2607
2571
1436
206
917
3371
1461
561
2412
2182
262
886
2691
481
2123
349
3638
2437
611
978
1339
1179
1001
2799
2749
2053
215
459
2343
925
2553
1647
341
2239
316
480
139
3593
178
1552
1228
326
1658
1304
1689
497
1179
135
344
1205
2729
1617
190
3527
1916
446
1377
485
615
527
208
1577
1249
1917
926
1193
993
1449
2898
2647
553
3608
982
104
1838
1144
89
1066
1063
1284
445
1684
1296
1004
1429
3307
119
1414
1050
954
1563
413
821
766
117
1725
2845
3419
1328
1157
1454
246
1214
2230
606
799
1034
1066
2781
878
592
855
897
1518
355
592
299
2571
888
795
947
3799
1019
456
457
217
1128
3353
1247
671
684
1745
1897
672
663
1350
1834
2767
519
1179
3021
1871
824
1559
666
793
1362
974
117
1048
812
1286
259
1471
982
1417
295
550
246
1247
1242
1366
1406
2756
3511
2256
1534
2751
995
2759
453
1759
340
525
322
372
3240
168
1234
523
1141
1509
952
878
2068
118
477
38
515
1266
2434
1895
2097
4213
829
2585
1433
3153
275
2819
511
2043
47
3263
2220
73
501
2093
997
1239
1516
478
3648
2866
1747
1131
2587
2233
1693
1164
1007
1809
518
3031
1906
1654
866
821
1720
1675
2198
1194
458
2678
967
1679
2942
1275
1601
3450
735
312
811
1155
64
1127
140
82
775
167
1763
1488
1675
906
2329
304
361
2139
2648
733
660
712
1629
341
3204
601
360
695
1707
4527
290
1768
2068
376
942
409
335
2653
2532
1981
2916
1851
1372
929
1195
934
1957
1988
1915
2536
473
3412
486
478
1088
1235
5040
519
2482
1021
710
77
1196
1860
511
1249
1347
1188
1044
551
1037
361
2094
586
2616
1828
769
784
365
647
2512
58
574
188
2169
929
715
2043
385
1214
2350
554
2537
896
1532
1556
415
1919
374
1912
3820
3428
131
1071
724
1173
2111
1903
1318
1467
239
986
1803
1814
114
1190
915
2980
894
951
665
1054
2331
52
551
741
267
1659
667
1824
91
3428
2082
2364
374
683
1207
375
1508
2309
139
2995
41
1080
929
1196
1772
478
1679
1458
292
1998
1482
3053
1681
671
1188
1494
1685
2540
3370
2524
3449
81
919
3781
3264
1309
310
2829
1148
4643
958
2107
290
2417
1214
513
2100
1241
2388
359
567
1231
688
2336
2990
716
1563
1989
1044
950
1184
3727
3813
2967
1097
2345
3069
222
292
224
1888
110
131
454
549
2804
1076
2281
3995
3833
2154
3045
1074
687
421
756
1598
116
437
1656
401
741
1956
233
399
1920
863
525
1327
1656
379
879
897
1240
2766
1250
2563
1697
535
1237
1695
42
1025
833
519
1007
391
1539
929
149
1157
683
399
1504
1196
1803
190
1227
371
1341
982
2423
1995
125
3942
1695
2436
1441
218
1392
1334
812
220
2687
599
1997
2774
942
946
2433
4296
1990
852
872
1561
2097
2053
637
280
765
3416
1642
304
245
2210
569
1042
2168
2219
1162
3066
1284
2528
2774
1874
3326
674
1283
2680
531
303
2503
1418
981
885
1838
2059
1057
2663
1035
1807
2727
836
447
424
1153
1688
1026
1503
569
1738
1845
1787
1250
237
2396
133
1653
1899
2574
785
808
542
1235
1706
315
47
1114
331
2158
2232
3660
946
1326
3077
421
2366
930
91
468
1081
1371
3945
657
968
1877
3190
1932
763
2112
1473
3395
613
1948
736
2338
1610
1285
66
238
1705
36
1201
1205
609
1020
575
836
112
979
499
1081
93
694
2768
755
1111
2076
2350
698
3591
3020
496
521
707
3049
1362
1053
1250
2491
790
1087
1671
244
1060
1246
558
3472
1063
1121
1992
3522
2150
363
1793
815
156
2842
1650
1343
1251
1233
1470
1354
339
50
697
2580
3536
1997
497
218
500
1883
4113
2039
433
1899
2682
1832
509
43
1300
398
1511
925
1022
1499
945
1321
1236
331
667
2408
917
3142
1454
181
2417
5007
2324
3895
854
3320
467
1026
1685
2091
1465
370
2103
1076
1026
2107
2501
2687
1710
2961
1341
1143
773
1753
3127
1341
959
3719
238
1048
1903
1594
1122
57
3145
2215
2345
2045
764
572
1702
2436
390
1870
356
2801
1278
400
1284
1897
855
2051
1195
939
1669
1322
1590
524
4278
2355
1562
3815
4018
2499
3333
926
232
1794
358
3140
2226
377
57
2590
1620
702
1166
3200
981
1443
1649
3082
882
1047
3862
2571
1372
2248
1155
333
78
1175
167
3117
2614
3748
1065
1055
2404
662
651
4023
885
701
801
354
1149
677
2532
96
1073
410
1184
382
688
4908
3913
4822
315
305
1664
1723
146
1990
4199
636
3717
2624
2262
732
2784
1815
1156
2689
491
1455
2859
2993
1685
738
753
1289
3839
1846
1121
1643
446
439
834
1585
56
520
1729
762
764
307
97
1862
611
359
479
4379
153
2168
923
1433
2674
1205
3728
263
322
498
1954
525
1472
1181
1178
1400
1049
551
1682
2247
5460
793
1213
3092
2781
676
2557
2051
903
3941
2765
1353
2492
1439
1329
2972
418
508
608
1833
1689
681
4232
1554
2544
1341
3344
1650
635
1050
706
335
1978
1942
562
2931
1670
5500
2059
2621
922
1251
432
2905
4052
3946
895
3774
1056
152
3166
1432
347
1331
1673
1155
921
606
1518
706
674
520
2588
1911
666
3799
1973
872
669
4575
3783
787
3498
509
2792
1823
468
322
1291
2187
1093
1277
2272
120
536
1156
667
2703
861
887
937
1236
1963
4121
1343
2221
2474
366
1607
1030
2192
2790
2945
120
861
901
2707
1035
942
2641
2092
1734
2346
2969
1255
1949
939
407
1499
2949
2527
120
2186
3446
85
2231
847
842
2699
131
3762
1105
1764
3737
405
147
1244
2305
2431
1901
2361
897
223
2209
541
2090
585
530
131
1257
2286
2864
1271
3264
1048
2732
2076
4052
427
3362
2434
3712
2328
2280
927
1225
110
3146
2656
1612
1610
1037
644
3580
2390
994
3165
1548
364
834
2150
2114
1049
290
463
735
1609
384
664
709
1099
1444
754
1516
3327
3982
1387
1033
3314
1680
1493
2069
2708
2496
805
2524
2189
1572
2048
237
786
2906
752
2714
2669
1036
1692
1226
427
992
833
505
2327
2764
1237
2028
1567
213
719
652
3188
449
122
940
2468
1806
1970
912
2091
1489
150
1290
765
2399
1832
1742
1343
204
91
2311
458
1315
835
491
1094
406
2314
1131
2391
362
1221
408
744
1670
2124
2127
2933
722
2228
2705
1801
706
1003
445
277
378
340
2540
1139
1101
1049
1082
1022
4253
3290
1864
187
1986
316
2125
3530
1941
3201
1975
400
1685
867
2153
2560
238
69
1969
2167
1579
2390
3589
3339
3276
953
180
3039
2339
861
165
1736
2175
372
2174
1429
993
1124
1992
2194
283
635
941
1565
597
1718
4971
1267
845
545
1572
2941
1515
233
307
733
719
1753
2782
645
1834
1180
2023
1909
3063
1711
2923
527
1622
2550
3614
1117
589
1588
974
3586
336
663
1755
1731
1501
1606
2813
3484
383
4946
1112
3001
2215
1274
1302
761
2609
759
2853
623
321
1740
281
1624
1327
715
1171
1246
2430
332
111
1411
3366
698
974
1147
1600
1189
1152
1764
848
2326
803
1040
634
145
1325
1450
2714
4381
3112
2785
1365
1258
2828
2595
1515
514
857
519
824
646
1197
1247
998
1136
2213
2640
199
1819
1114
1391
1974
2744
2026
1758
2721
2732
3806
208
624
1355
609
4422
4278
2074
2137
1026
5087
1425
143
2120
2825
1802
3606
1485
170
1317
627
1039
2446
1180
73
3615
1532
2064
499
855
966
819
482
1082
2415
2793
1168
450
462
3923
2577
1855
2832
159
4365
2251
989
1749
328
2189
1788
1190
1326
2863
633
1555
781
340
3351
2812
3550
476
1034
1933
1616
2032
507
4073
125
2168
693
910
1940
2040
2054
1465
4571
1058
1614
1693
2662
1415
388
3603
3718
4265
1913
1811
1778
1975
1845
1718
4635
4021
1219
3982
584
998
1351
138
644
1446
5424
1319
1261
348
755
1162
669
1186
1613
2094
2691
1493
1641
3524
821
350
557
1581
1096
3850
3791
344
389
1216
1787
217
1362
2076
4016
798
3672
2992
1335
352
1933
1431
1995
1341
1655
4202
2576
446
706
1354
647
488
3238
1709
577
1596
979
338
2686
706
2020
3279
1957
1047
1803
2424
3122
1808
1470
1002
836
375
1801
549
214
1544
290
2892
825
1724
1788
3917
2761
1645
477
2739
412
2753
760
2303
2830
1717
684
1208
1755
1323
2944
3954
2316
550
952
105
3663
1372
4289
3637
889
1734
1705
4091
495
1772
833
432
1783
2342
1244
1877
2412
2927
4807
1934
3954
1275
1052
1577
231
883
516
1416
3237
296
622
729
3133
140
2952
5631
3829
2276
1107
5373
1508
409
1118
769
1570
996
2166
1608
884
1679
171
1280
305
3473
2525
3658
625
3841
2800
504
3112
505
2016
4564
3117
1611
1028
870
209
2627
2733
2383
1779
1641
1771
1303
3412
1949
653
532
1017
4287
1295
3301
208
2034
2192
2658
3731
4218
2882
2164
464
3119
3306
3059
1084
1487
1568
3065
2751
155
1297
4729
5109
907
3141
757
844
998
3010
84
3984
2263
1524
1888
4994
2945
929
3674
3516
1299
733
3631
1766
1570
370
834
1635
1742
702
2133
2819
1423
4051
490
1107
939
361
502
483
898
1994
2336
435
725
4689
2935
912
595
2107
4393
2151
2639
1734
1325
30
1712
973
422
35
2881
965
3368
970
805
1272
4371
861
579
452
361
3179
3195
2840
1403
1902
1203
1196
1383
4211
3284
1777
332
1529
984
4291
1518
1327
2195
1074
2655
3512
52
1555
1163
2516
2229
714
1764
5416
1732
787
1195
3296
1684
1167
863
3361
4604
1470
329
2053
1239
796
581
2045
1858
670
3162
1620
2143
829
3188
871
900
245
2749
1915
885
1641
1915
969
2816
272
1773
2797
1125
2624
380
3183
4260
1844
168
3175
4118
1406
2973
636
758
1268
223
969
3397
522
464
1833
1794
2601
1162
5412
770
765
2530
3848
3119
2717
4529
682
2387
2946
3035
5359
4509
408
1851
859
1478
1548
3470
1263
755
1853
429
2850
1538
1944
2522
1140
2215
2782
519
222
1543
3927
1758
2375
3153
2474
1389
2560
1375
1699
2734
1662
238
487
1082
202
1010
2293
2580
716
573
1586
1821
3118
2749
205
2557
2435
2766
771
3825
1228
1449
2337
2954
1922
945
1305
438
542
3547
2770
673
1359
2780
843
589
276
3185
1957
3932
524
1558
951
2059
967
2469
1518
1528
2912
1683
1008
1223
2774
1729
1571
542
2401
2779
469
1742
2032
1792
521
772
662
712
1967
664
974
5067
4312
1593
1582
924
1408
1354
470
385
1283
1118
4320
1705
1329
876
2848
421
2640
2359
1698
3271
1093
1884
1515
2603
1998
2492
285
2207
1336
387
249
388
4578
2167
507
1492
1889
3369
306
2648
3869
1307
1727
1511
1111
295
475
2269
1357
1144
1941
1537
2160
1846
1840
1521
1342
306
4757
124
4546
442
2221
229
1478
5093
1123
2261
1329
4706
392
2782
1479
2410
3301
522
1065
218
366
2322
2753
2928
2181
885
4705
2270
955
1815
1727
2100
1275
737
2273
961
331
717
4690
2898
3541
4154
655
3763
492
3070
2749
2880
2581
951
4049
1241
2046
4655
3396
344
4592
1838
2680
354
223
6955
2242
297
4596
3219
1106
968
1113
615
1866
372
4006
3268
903
2687
3188
1219
1784
160
3330
2083
3620
4520
657
1400
2198
3186
538
427
1541
197
2598
4868
956
2815
1428
1661
3306
1772
1147
2362
851
1583
1023
675
695
703
759
4434
1141
1470
305
4558
5127
700
1032
3777
1375
3240
1315
296
2518
2285
693
236
4338
114
1074
724
3706
1729
545
1839
464
3878
952
4435
914
4248
4400
667
1455
137
1702
2166
1132
590
3451
1019
2132
1039
844
1496
3434
89
575
2997
2040
4093
1375
2389
4694
3145
422
1890
975
1090
41
899
2629
70
1301
5104
1377
461
269
1559
701
1207
1604
274
3145
1281
2051
282
2956
186
3919
4752
1014
1251
4613
305
3960
3104
999
802
640
2161
2403
1668
2794
1156
1691
1355
2498
3405
1514
3333
381
1118
4913
836
3688
161
3029
621
1322
139
2210
1296
2155
73
1692
703
4823
833
3482
360
1065
2308
1795
1545
2081
2532
200
550
507
3281
988
1179
2661
1698
1153
1537
2571
2504
3325
351
949
1691
2166
3186
1943
6087
2495
247
2505
510
1746
4447
1914
4678
1011
778
2218
177
5811
89
1300
961
1418
4119
856
1914
2677
831
2826
753
1120
1028
93
1213
2476
1451
1114
4104
813
2310
1634
3102
2732
1538
2020
1402
4559
4545
1957
129
3481
779
2176
2947
719
1680
788
3174
184
3592
1616
1374
1416
3179
3724
621
121
1423
2831
2380
3835
560
3844
2221
38
579
88
1045
3061
679
2808
1085
861
3171
2065
1250
599
1963
2187
4898
1472
3999
5830
2705
1485
4058
2872
911
4013
872
2884
2013
1174
3226
2492
3234
3372
2143
3039
1158
345
69
4373
3309
2688
1238
1022
435
1325
1414
3416
2187
3384
890
977
944
970
794
2256
1274
884
2080
3196
4324
302
2013
700
1202
2656
4527
4216
1345
826
6849
492
2728
1559
3104
219
585
594
1754
463
1468
1171
3963
3029
2779
1326
1607
282
2349
1896
2344
1246
355
1775
3751
1536
2627
495
2253
1418
873
1553
771
736
3384
953
1473
741
4119
2957
4485
3710
2396
746
2869
709
1522
1833
550
2321
273
474
5132
259
2524
5136
3056
1809
2808
269
463
89
4124
1355
1630
654
2950
1455
3428
1468
3870
491
1071
1206
684
1505
1412
1840
1600
429
5721
1845
5446
2366
572
4096
794
3829
5514
981
1476
1269
1707
939
5370
2563
4433
750
2057
203
1531
3234
2495
1822
3174
4656
1660
2233
2250
4416
965
1792
942
96
2188
2045
891
364
4132
2674
858
4433
2990
2069
2338
665
2228
1280
1120
2321
1643
